POST /onvif/device_service HTTP/1.1
Host: 192.168.1.109
User-Agent: gSOAP/2.8
Content-Type: application/soap+xml; charset=utf-8; action="http://www.onvif.org/ver10/device/wsdl/GetCapabilities"
Content-Length: 2427
Connection: close
SOAPAction: "http://www.onvif.org/ver10/device/wsdl/GetCapabilities"

<?xml version="1.0" encoding="UTF-8"?>
<SOAP-ENV:Envelope xmlns:SOAP-ENV="http://www.w3.org/2003/05/soap-envelope" xmlns:SOAP-ENC="http://www.w3.org/2003/05/soap-encoding" xmlns:xsi="http://www.w3.org/2001/XMLSchema-instance" xmlns:xsd="http://www.w3.org/2001/XMLSchema" xmlns:c14n="http://www.w3.org/2001/10/xml-exc-c14n#" xmlns:wsu="http://docs.oasis-open.org/wss/2004/01/oasis-200401-wss-wssecurity-utility-1.0.xsd" xmlns:xenc="http://www.w3.org/2001/04/xmlenc#" xmlns:wsc="http://schemas.xmlsoap.org/ws/2005/02/sc" xmlns:ds="http://www.w3.org/2000/09/xmldsig#" xmlns:wsse="http://docs.oasis-open.org/wss/2004/01/oasis-200401-wss-wssecurity-secext-1.0.xsd" xmlns:wsa="http://schemas.xmlsoap.org/ws/2004/08/addressing" xmlns:wsdd="http://schemas.xmlsoap.org/ws/2005/04/discovery" xmlns:chan="http://schemas.microsoft.com/ws/2005/02/duplex" xmlns:wsa5="http://www.w3.org/2005/08/addressing" xmlns:xmime="http://tempuri.org/xmime.xsd" xmlns:xop="http://www.w3.org/2004/08/xop/include" xmlns:tt="http://www.onvif.org/ver10/schema" xmlns:wsrfbf="http://docs.oasis-open.org/wsrf/bf-2" xmlns:wstop="http://docs.oasis-open.org/wsn/t-1" xmlns:wsrfr="http://docs.oasis-open.org/wsrf/r-2" xmlns:tdn="http://www.onvif.org/ver10/network/wsdl" xmlns:tds="http://www.onvif.org/ver10/device/wsdl" xmlns:tev="http://www.onvif.org/ver10/events/wsdl" xmlns:wsnt="http://docs.oasis-open.org/wsn/b-2" xmlns:timg="http://www.onvif.org/ver20/imaging/wsdl" xmlns:tls="http://www.onvif.org/ver10/display/wsdl" xmlns:tmd="http://www.onvif.org/ver10/deviceIO/wsdl" xmlns:tptz="http://www.onvif.org/ver20/ptz/wsdl" xmlns:trc="http://www.onvif.org/ver10/recording/wsdl" xmlns:trp="http://www.onvif.org/ver10/replay/wsdl" xmlns:trt="http://www.onvif.org/ver10/media/wsdl" xmlns:trv="http://www.onvif.org/ver10/receiver/wsdl" xmlns:tse="http://www.onvif.org/ver10/search/wsdl"><SOAP-ENV:Header><wsse:Security SOAP-ENV:mustUnderstand="true"><wsse:UsernameToken wsu:Id="Id"><wsse:Username>admin</wsse:Username><wsse:Password Type="http://docs.oasis-open.org/wss/2004/01/oasis-200401-wss-username-token-profile-1.0#PasswordDigest">gYMkNHFcNk45JAa79yWPfZJbEkk=</wsse:Password><wsse:Nonce>oSa9V7bm9VfUckUFjBuqoIJ1YGA=</wsse:Nonce><wsu:Created>2016-08-24T04:46:25Z</wsu:Created></wsse:UsernameToken></wsse:Security></SOAP-ENV:Header><SOAP-ENV:Body><tds:GetCapabilities><tds:Category>All</tds:Category></tds:GetCapabilities></SOAP-ENV:Body></SOAP-ENV:Envelope>
POST /onvif/media_service HTTP/1.1
Host: 192.168.1.109
User-Agent: gSOAP/2.8
Content-Type: application/soap+xml; charset=utf-8; action="http://www.onvif.org/ver10/media/wsdl/GetProfiles"
Content-Length: 2387
Connection: close
SOAPAction: "http://www.onvif.org/ver10/media/wsdl/GetProfiles"

<?xml version="1.0" encoding="UTF-8"?>
<SOAP-ENV:Envelope xmlns:SOAP-ENV="http://www.w3.org/2003/05/soap-envelope" xmlns:SOAP-ENC="http://www.w3.org/2003/05/soap-encoding" xmlns:xsi="http://www.w3.org/2001/XMLSchema-instance" xmlns:xsd="http://www.w3.org/2001/XMLSchema" xmlns:c14n="http://www.w3.org/2001/10/xml-exc-c14n#" xmlns:wsu="http://docs.oasis-open.org/wss/2004/01/oasis-200401-wss-wssecurity-utility-1.0.xsd" xmlns:xenc="http://www.w3.org/2001/04/xmlenc#" xmlns:wsc="http://schemas.xmlsoap.org/ws/2005/02/sc" xmlns:ds="http://www.w3.org/2000/09/xmldsig#" xmlns:wsse="http://docs.oasis-open.org/wss/2004/01/oasis-200401-wss-wssecurity-secext-1.0.xsd" xmlns:wsa="http://schemas.xmlsoap.org/ws/2004/08/addressing" xmlns:wsdd="http://schemas.xmlsoap.org/ws/2005/04/discovery" xmlns:chan="http://schemas.microsoft.com/ws/2005/02/duplex" xmlns:wsa5="http://www.w3.org/2005/08/addressing" xmlns:xmime="http://tempuri.org/xmime.xsd" xmlns:xop="http://www.w3.org/2004/08/xop/include" xmlns:tt="http://www.onvif.org/ver10/schema" xmlns:wsrfbf="http://docs.oasis-open.org/wsrf/bf-2" xmlns:wstop="http://docs.oasis-open.org/wsn/t-1" xmlns:wsrfr="http://docs.oasis-open.org/wsrf/r-2" xmlns:tdn="http://www.onvif.org/ver10/network/wsdl" xmlns:tds="http://www.onvif.org/ver10/device/wsdl" xmlns:tev="http://www.onvif.org/ver10/events/wsdl" xmlns:wsnt="http://docs.oasis-open.org/wsn/b-2" xmlns:timg="http://www.onvif.org/ver20/imaging/wsdl" xmlns:tls="http://www.onvif.org/ver10/display/wsdl" xmlns:tmd="http://www.onvif.org/ver10/deviceIO/wsdl" xmlns:tptz="http://www.onvif.org/ver20/ptz/wsdl" xmlns:trc="http://www.onvif.org/ver10/recording/wsdl" xmlns:trp="http://www.onvif.org/ver10/replay/wsdl" xmlns:trt="http://www.onvif.org/ver10/media/wsdl" xmlns:trv="http://www.onvif.org/ver10/receiver/wsdl" xmlns:tse="http://www.onvif.org/ver10/search/wsdl"><SOAP-ENV:Header><wsse:Security SOAP-ENV:mustUnderstand="true"><wsse:UsernameToken wsu:Id="Id"><wsse:Username>admin</wsse:Username><wsse:Password Type="http://docs.oasis-open.org/wss/2004/01/oasis-200401-wss-username-token-profile-1.0#PasswordDigest">MyNiC9/dO7QUDwzbm7F3p5rLNdQ=</wsse:Password><wsse:Nonce>oia9V4zhBZBhFt5ZuMFBIcplBVI=</wsse:Nonce><wsu:Created>2016-08-24T04:46:26Z</wsu:Created></wsse:UsernameToken></wsse:Security></SOAP-ENV:Header><SOAP-ENV:Body><trt:GetProfiles></trt:GetProfiles></SOAP-ENV:Body></SOAP-ENV:Envelope>
POST /onvif/device_service HTTP/1.1
Host: 192.168.1.109
User-Agent: gSOAP/2.8
Content-Type: application/soap+xml; charset=utf-8; action="http://www.onvif.org/ver20/ptz/wsdl/GetPresetTours"
Content-Length: 2449
Connection: close
SOAPAction: "http://www.onvif.org/ver20/ptz/wsdl/GetPresetTours"

<?xml version="1.0" encoding="UTF-8"?>
<SOAP-ENV:Envelope xmlns:SOAP-ENV="http://www.w3.org/2003/05/soap-envelope" xmlns:SOAP-ENC="http://www.w3.org/2003/05/soap-encoding" xmlns:xsi="http://www.w3.org/2001/XMLSchema-instance" xmlns:xsd="http://www.w3.org/2001/XMLSchema" xmlns:c14n="http://www.w3.org/2001/10/xml-exc-c14n#" xmlns:wsu="http://docs.oasis-open.org/wss/2004/01/oasis-200401-wss-wssecurity-utility-1.0.xsd" xmlns:xenc="http://www.w3.org/2001/04/xmlenc#" xmlns:wsc="http://schemas.xmlsoap.org/ws/2005/02/sc" xmlns:ds="http://www.w3.org/2000/09/xmldsig#" xmlns:wsse="http://docs.oasis-open.org/wss/2004/01/oasis-200401-wss-wssecurity-secext-1.0.xsd" xmlns:wsa="http://schemas.xmlsoap.org/ws/2004/08/addressing" xmlns:wsdd="http://schemas.xmlsoap.org/ws/2005/04/discovery" xmlns:chan="http://schemas.microsoft.com/ws/2005/02/duplex" xmlns:wsa5="http://www.w3.org/2005/08/addressing" xmlns:xmime="http://tempuri.org/xmime.xsd" xmlns:xop="http://www.w3.org/2004/08/xop/include" xmlns:tt="http://www.onvif.org/ver10/schema" xmlns:wsrfbf="http://docs.oasis-open.org/wsrf/bf-2" xmlns:wstop="http://docs.oasis-open.org/wsn/t-1" xmlns:wsrfr="http://docs.oasis-open.org/wsrf/r-2" xmlns:tdn="http://www.onvif.org/ver10/network/wsdl" xmlns:tds="http://www.onvif.org/ver10/device/wsdl" xmlns:tev="http://www.onvif.org/ver10/events/wsdl" xmlns:wsnt="http://docs.oasis-open.org/wsn/b-2" xmlns:timg="http://www.onvif.org/ver20/imaging/wsdl" xmlns:tls="http://www.onvif.org/ver10/display/wsdl" xmlns:tmd="http://www.onvif.org/ver10/deviceIO/wsdl" xmlns:tptz="http://www.onvif.org/ver20/ptz/wsdl" xmlns:trc="http://www.onvif.org/ver10/recording/wsdl" xmlns:trp="http://www.onvif.org/ver10/replay/wsdl" xmlns:trt="http://www.onvif.org/ver10/media/wsdl" xmlns:trv="http://www.onvif.org/ver10/receiver/wsdl" xmlns:tse="http://www.onvif.org/ver10/search/wsdl"><SOAP-ENV:Header><wsse:Security SOAP-ENV:mustUnderstand="true"><wsse:UsernameToken wsu:Id="Id"><wsse:Username>admin</wsse:Username><wsse:Password Type="http://docs.oasis-open.org/wss/2004/01/oasis-200401-wss-username-token-profile-1.0#PasswordDigest">X5Yw9as8Uecseg/JS23Z3svPRyQ=</wsse:Password><wsse:Nonce>qCa9V9chk4YKU2/G/WBKxcySWOw=</wsse:Nonce><wsu:Created>2016-08-24T04:46:32Z</wsu:Created></wsse:UsernameToken></wsse:Security></SOAP-ENV:Header><SOAP-ENV:Body><tptz:GetPresetTours><tptz:ProfileToken>MediaProfile000</tptz:ProfileToken></tptz:GetPresetTours></SOAP-ENV:Body></SOAP-ENV:Envelope>
POST /onvif/device_service HTTP/1.1
Host: 192.168.1.109
User-Agent: gSOAP/2.8
Content-Type: application/soap+xml; charset=utf-8; action="http://www.onvif.org/ver20/ptz/wsdl/GetPresets"
Content-Length: 2441
Connection: close
SOAPAction: "http://www.onvif.org/ver20/ptz/wsdl/GetPresets"

<?xml version="1.0" encoding="UTF-8"?>
<SOAP-ENV:Envelope xmlns:SOAP-ENV="http://www.w3.org/2003/05/soap-envelope" xmlns:SOAP-ENC="http://www.w3.org/2003/05/soap-encoding" xmlns:xsi="http://www.w3.org/2001/XMLSchema-instance" xmlns:xsd="http://www.w3.org/2001/XMLSchema" xmlns:c14n="http://www.w3.org/2001/10/xml-exc-c14n#" xmlns:wsu="http://docs.oasis-open.org/wss/2004/01/oasis-200401-wss-wssecurity-utility-1.0.xsd" xmlns:xenc="http://www.w3.org/2001/04/xmlenc#" xmlns:wsc="http://schemas.xmlsoap.org/ws/2005/02/sc" xmlns:ds="http://www.w3.org/2000/09/xmldsig#" xmlns:wsse="http://docs.oasis-open.org/wss/2004/01/oasis-200401-wss-wssecurity-secext-1.0.xsd" xmlns:wsa="http://schemas.xmlsoap.org/ws/2004/08/addressing" xmlns:wsdd="http://schemas.xmlsoap.org/ws/2005/04/discovery" xmlns:chan="http://schemas.microsoft.com/ws/2005/02/duplex" xmlns:wsa5="http://www.w3.org/2005/08/addressing" xmlns:xmime="http://tempuri.org/xmime.xsd" xmlns:xop="http://www.w3.org/2004/08/xop/include" xmlns:tt="http://www.onvif.org/ver10/schema" xmlns:wsrfbf="http://docs.oasis-open.org/wsrf/bf-2" xmlns:wstop="http://docs.oasis-open.org/wsn/t-1" xmlns:wsrfr="http://docs.oasis-open.org/wsrf/r-2" xmlns:tdn="http://www.onvif.org/ver10/network/wsdl" xmlns:tds="http://www.onvif.org/ver10/device/wsdl" xmlns:tev="http://www.onvif.org/ver10/events/wsdl" xmlns:wsnt="http://docs.oasis-open.org/wsn/b-2" xmlns:timg="http://www.onvif.org/ver20/imaging/wsdl" xmlns:tls="http://www.onvif.org/ver10/display/wsdl" xmlns:tmd="http://www.onvif.org/ver10/deviceIO/wsdl" xmlns:tptz="http://www.onvif.org/ver20/ptz/wsdl" xmlns:trc="http://www.onvif.org/ver10/recording/wsdl" xmlns:trp="http://www.onvif.org/ver10/replay/wsdl" xmlns:trt="http://www.onvif.org/ver10/media/wsdl" xmlns:trv="http://www.onvif.org/ver10/receiver/wsdl" xmlns:tse="http://www.onvif.org/ver10/search/wsdl"><SOAP-ENV:Header><wsse:Security SOAP-ENV:mustUnderstand="true"><wsse:UsernameToken wsu:Id="Id"><wsse:Username>admin</wsse:Username><wsse:Password Type="http://docs.oasis-open.org/wss/2004/01/oasis-200401-wss-username-token-profile-1.0#PasswordDigest">7RrwoXjaVsr4UlIPJ3i/2GkdQbk=</wsse:Password><wsse:Nonce>qia9VwCUgwJ0JBePtHAP5fgckLI=</wsse:Nonce><wsu:Created>2016-08-24T04:46:34Z</wsu:Created></wsse:UsernameToken></wsse:Security></SOAP-ENV:Header><SOAP-ENV:Body><tptz:GetPresets><tptz:ProfileToken>MediaProfile000</tptz:ProfileToken></tptz:GetPresets></SOAP-ENV:Body></SOAP-ENV:Envelope>
POST /onvif/device_service HTTP/1.1
Host: 192.168.1.109
User-Agent: gSOAP/2.8
Content-Type: application/soap+xml; charset=utf-8; action="http://www.onvif.org/ver10/device/wsdl/GetCapabilities"
Content-Length: 2427
Connection: close
SOAPAction: "http://www.onvif.org/ver10/device/wsdl/GetCapabilities"

<?xml version="1.0" encoding="UTF-8"?>
<SOAP-ENV:Envelope xmlns:SOAP-ENV="http://www.w3.org/2003/05/soap-envelope" xmlns:SOAP-ENC="http://www.w3.org/2003/05/soap-encoding" xmlns:xsi="http://www.w3.org/2001/XMLSchema-instance" xmlns:xsd="http://www.w3.org/2001/XMLSchema" xmlns:c14n="http://www.w3.org/2001/10/xml-exc-c14n#" xmlns:wsu="http://docs.oasis-open.org/wss/2004/01/oasis-200401-wss-wssecurity-utility-1.0.xsd" xmlns:xenc="http://www.w3.org/2001/04/xmlenc#" xmlns:wsc="http://schemas.xmlsoap.org/ws/2005/02/sc" xmlns:ds="http://www.w3.org/2000/09/xmldsig#" xmlns:wsse="http://docs.oasis-open.org/wss/2004/01/oasis-200401-wss-wssecurity-secext-1.0.xsd" xmlns:wsa="http://schemas.xmlsoap.org/ws/2004/08/addressing" xmlns:wsdd="http://schemas.xmlsoap.org/ws/2005/04/discovery" xmlns:chan="http://schemas.microsoft.com/ws/2005/02/duplex" xmlns:wsa5="http://www.w3.org/2005/08/addressing" xmlns:xmime="http://tempuri.org/xmime.xsd" xmlns:xop="http://www.w3.org/2004/08/xop/include" xmlns:tt="http://www.onvif.org/ver10/schema" xmlns:wsrfbf="http://docs.oasis-open.org/wsrf/bf-2" xmlns:wstop="http://docs.oasis-open.org/wsn/t-1" xmlns:wsrfr="http://docs.oasis-open.org/wsrf/r-2" xmlns:tdn="http://www.onvif.org/ver10/network/wsdl" xmlns:tds="http://www.onvif.org/ver10/device/wsdl" xmlns:tev="http://www.onvif.org/ver10/events/wsdl" xmlns:wsnt="http://docs.oasis-open.org/wsn/b-2" xmlns:timg="http://www.onvif.org/ver20/imaging/wsdl" xmlns:tls="http://www.onvif.org/ver10/display/wsdl" xmlns:tmd="http://www.onvif.org/ver10/deviceIO/wsdl" xmlns:tptz="http://www.onvif.org/ver20/ptz/wsdl" xmlns:trc="http://www.onvif.org/ver10/recording/wsdl" xmlns:trp="http://www.onvif.org/ver10/replay/wsdl" xmlns:trt="http://www.onvif.org/ver10/media/wsdl" xmlns:trv="http://www.onvif.org/ver10/receiver/wsdl" xmlns:tse="http://www.onvif.org/ver10/search/wsdl"><SOAP-ENV:Header><wsse:Security SOAP-ENV:mustUnderstand="true"><wsse:UsernameToken wsu:Id="Id"><wsse:Username>admin</wsse:Username><wsse:Password Type="http://docs.oasis-open.org/wss/2004/01/oasis-200401-wss-username-token-profile-1.0#PasswordDigest">V0rrY38dCzPE7OCuzZ8n/RJ66iA=</wsse:Password><wsse:Nonce>+ia9V6DiwmnHdyg9iOmdxMxSKPs=</wsse:Nonce><wsu:Created>2016-08-24T04:47:54Z</wsu:Created></wsse:UsernameToken></wsse:Security></SOAP-ENV:Header><SOAP-ENV:Body><tds:GetCapabilities><tds:Category>All</tds:Category></tds:GetCapabilities></SOAP-ENV:Body></SOAP-ENV:Envelope>
POST /onvif/media_service HTTP/1.1
Host: 192.168.1.109
User-Agent: gSOAP/2.8
Content-Type: application/soap+xml; charset=utf-8; action="http://www.onvif.org/ver10/media/wsdl/GetProfiles"
Content-Length: 2387
Connection: close
SOAPAction: "http://www.onvif.org/ver10/media/wsdl/GetProfiles"

<?xml version="1.0" encoding="UTF-8"?>
<SOAP-ENV:Envelope xmlns:SOAP-ENV="http://www.w3.org/2003/05/soap-envelope" xmlns:SOAP-ENC="http://www.w3.org/2003/05/soap-encoding" xmlns:xsi="http://www.w3.org/2001/XMLSchema-instance" xmlns:xsd="http://www.w3.org/2001/XMLSchema" xmlns:c14n="http://www.w3.org/2001/10/xml-exc-c14n#" xmlns:wsu="http://docs.oasis-open.org/wss/2004/01/oasis-200401-wss-wssecurity-utility-1.0.xsd" xmlns:xenc="http://www.w3.org/2001/04/xmlenc#" xmlns:wsc="http://schemas.xmlsoap.org/ws/2005/02/sc" xmlns:ds="http://www.w3.org/2000/09/xmldsig#" xmlns:wsse="http://docs.oasis-open.org/wss/2004/01/oasis-200401-wss-wssecurity-secext-1.0.xsd" xmlns:wsa="http://schemas.xmlsoap.org/ws/2004/08/addressing" xmlns:wsdd="http://schemas.xmlsoap.org/ws/2005/04/discovery" xmlns:chan="http://schemas.microsoft.com/ws/2005/02/duplex" xmlns:wsa5="http://www.w3.org/2005/08/addressing" xmlns:xmime="http://tempuri.org/xmime.xsd" xmlns:xop="http://www.w3.org/2004/08/xop/include" xmlns:tt="http://www.onvif.org/ver10/schema" xmlns:wsrfbf="http://docs.oasis-open.org/wsrf/bf-2" xmlns:wstop="http://docs.oasis-open.org/wsn/t-1" xmlns:wsrfr="http://docs.oasis-open.org/wsrf/r-2" xmlns:tdn="http://www.onvif.org/ver10/network/wsdl" xmlns:tds="http://www.onvif.org/ver10/device/wsdl" xmlns:tev="http://www.onvif.org/ver10/events/wsdl" xmlns:wsnt="http://docs.oasis-open.org/wsn/b-2" xmlns:timg="http://www.onvif.org/ver20/imaging/wsdl" xmlns:tls="http://www.onvif.org/ver10/display/wsdl" xmlns:tmd="http://www.onvif.org/ver10/deviceIO/wsdl" xmlns:tptz="http://www.onvif.org/ver20/ptz/wsdl" xmlns:trc="http://www.onvif.org/ver10/recording/wsdl" xmlns:trp="http://www.onvif.org/ver10/replay/wsdl" xmlns:trt="http://www.onvif.org/ver10/media/wsdl" xmlns:trv="http://www.onvif.org/ver10/receiver/wsdl" xmlns:tse="http://www.onvif.org/ver10/search/wsdl"><SOAP-ENV:Header><wsse:Security SOAP-ENV:mustUnderstand="true"><wsse:UsernameToken wsu:Id="Id"><wsse:Username>admin</wsse:Username><wsse:Password Type="http://docs.oasis-open.org/wss/2004/01/oasis-200401-wss-username-token-profile-1.0#PasswordDigest">cGysW5rByOG43PJBJ6obzZ6G+EU=</wsse:Password><wsse:Nonce>+ya9V1ikI6i71kfxokxBzAOJf2U=</wsse:Nonce><wsu:Created>2016-08-24T04:47:55Z</wsu:Created></wsse:UsernameToken></wsse:Security></SOAP-ENV:Header><SOAP-ENV:Body><trt:GetProfiles></trt:GetProfiles></SOAP-ENV:Body></SOAP-ENV:Envelope>
POST /onvif/device_service HTTP/1.1
Host: 192.168.1.109
User-Agent: gSOAP/2.8
Content-Type: application/soap+xml; charset=utf-8; action="http://www.onvif.org/ver20/ptz/wsdl/GetPresetTours"
Content-Length: 2449
Connection: close
SOAPAction: "http://www.onvif.org/ver20/ptz/wsdl/GetPresetTours"

<?xml version="1.0" encoding="UTF-8"?>
<SOAP-ENV:Envelope xmlns:SOAP-ENV="http://www.w3.org/2003/05/soap-envelope" xmlns:SOAP-ENC="http://www.w3.org/2003/05/soap-encoding" xmlns:xsi="http://www.w3.org/2001/XMLSchema-instance" xmlns:xsd="http://www.w3.org/2001/XMLSchema" xmlns:c14n="http://www.w3.org/2001/10/xml-exc-c14n#" xmlns:wsu="http://docs.oasis-open.org/wss/2004/01/oasis-200401-wss-wssecurity-utility-1.0.xsd" xmlns:xenc="http://www.w3.org/2001/04/xmlenc#" xmlns:wsc="http://schemas.xmlsoap.org/ws/2005/02/sc" xmlns:ds="http://www.w3.org/2000/09/xmldsig#" xmlns:wsse="http://docs.oasis-open.org/wss/2004/01/oasis-200401-wss-wssecurity-secext-1.0.xsd" xmlns:wsa="http://schemas.xmlsoap.org/ws/2004/08/addressing" xmlns:wsdd="http://schemas.xmlsoap.org/ws/2005/04/discovery" xmlns:chan="http://schemas.microsoft.com/ws/2005/02/duplex" xmlns:wsa5="http://www.w3.org/2005/08/addressing" xmlns:xmime="http://tempuri.org/xmime.xsd" xmlns:xop="http://www.w3.org/2004/08/xop/include" xmlns:tt="http://www.onvif.org/ver10/schema" xmlns:wsrfbf="http://docs.oasis-open.org/wsrf/bf-2" xmlns:wstop="http://docs.oasis-open.org/wsn/t-1" xmlns:wsrfr="http://docs.oasis-open.org/wsrf/r-2" xmlns:tdn="http://www.onvif.org/ver10/network/wsdl" xmlns:tds="http://www.onvif.org/ver10/device/wsdl" xmlns:tev="http://www.onvif.org/ver10/events/wsdl" xmlns:wsnt="http://docs.oasis-open.org/wsn/b-2" xmlns:timg="http://www.onvif.org/ver20/imaging/wsdl" xmlns:tls="http://www.onvif.org/ver10/display/wsdl" xmlns:tmd="http://www.onvif.org/ver10/deviceIO/wsdl" xmlns:tptz="http://www.onvif.org/ver20/ptz/wsdl" xmlns:trc="http://www.onvif.org/ver10/recording/wsdl" xmlns:trp="http://www.onvif.org/ver10/replay/wsdl" xmlns:trt="http://www.onvif.org/ver10/media/wsdl" xmlns:trv="http://www.onvif.org/ver10/receiver/wsdl" xmlns:tse="http://www.onvif.org/ver10/search/wsdl"><SOAP-ENV:Header><wsse:Security SOAP-ENV:mustUnderstand="true"><wsse:UsernameToken wsu:Id="Id"><wsse:Username>admin</wsse:Username><wsse:Password Type="http://docs.oasis-open.org/wss/2004/01/oasis-200401-wss-username-token-profile-1.0#PasswordDigest">fvBAX19Q/FS8AJ8LE3TxZjJwBpY=</wsse:Password><wsse:Nonce>ACe9V4EKGPdvtku/SYVUlJbEHek=</wsse:Nonce><wsu:Created>2016-08-24T04:48:00Z</wsu:Created></wsse:UsernameToken></wsse:Security></SOAP-ENV:Header><SOAP-ENV:Body><tptz:GetPresetTours><tptz:ProfileToken>MediaProfile000</tptz:ProfileToken></tptz:GetPresetTours></SOAP-ENV:Body></SOAP-ENV:Envelope>
POST /onvif/device_service HTTP/1.1
Host: 192.168.1.109
User-Agent: gSOAP/2.8
Content-Type: application/soap+xml; charset=utf-8; action="http://www.onvif.org/ver20/ptz/wsdl/GetPresets"
Content-Length: 2441
Connection: close
SOAPAction: "http://www.onvif.org/ver20/ptz/wsdl/GetPresets"

<?xml version="1.0" encoding="UTF-8"?>
<SOAP-ENV:Envelope xmlns:SOAP-ENV="http://www.w3.org/2003/05/soap-envelope" xmlns:SOAP-ENC="http://www.w3.org/2003/05/soap-encoding" xmlns:xsi="http://www.w3.org/2001/XMLSchema-instance" xmlns:xsd="http://www.w3.org/2001/XMLSchema" xmlns:c14n="http://www.w3.org/2001/10/xml-exc-c14n#" xmlns:wsu="http://docs.oasis-open.org/wss/2004/01/oasis-200401-wss-wssecurity-utility-1.0.xsd" xmlns:xenc="http://www.w3.org/2001/04/xmlenc#" xmlns:wsc="http://schemas.xmlsoap.org/ws/2005/02/sc" xmlns:ds="http://www.w3.org/2000/09/xmldsig#" xmlns:wsse="http://docs.oasis-open.org/wss/2004/01/oasis-200401-wss-wssecurity-secext-1.0.xsd" xmlns:wsa="http://schemas.xmlsoap.org/ws/2004/08/addressing" xmlns:wsdd="http://schemas.xmlsoap.org/ws/2005/04/discovery" xmlns:chan="http://schemas.microsoft.com/ws/2005/02/duplex" xmlns:wsa5="http://www.w3.org/2005/08/addressing" xmlns:xmime="http://tempuri.org/xmime.xsd" xmlns:xop="http://www.w3.org/2004/08/xop/include" xmlns:tt="http://www.onvif.org/ver10/schema" xmlns:wsrfbf="http://docs.oasis-open.org/wsrf/bf-2" xmlns:wstop="http://docs.oasis-open.org/wsn/t-1" xmlns:wsrfr="http://docs.oasis-open.org/wsrf/r-2" xmlns:tdn="http://www.onvif.org/ver10/network/wsdl" xmlns:tds="http://www.onvif.org/ver10/device/wsdl" xmlns:tev="http://www.onvif.org/ver10/events/wsdl" xmlns:wsnt="http://docs.oasis-open.org/wsn/b-2" xmlns:timg="http://www.onvif.org/ver20/imaging/wsdl" xmlns:tls="http://www.onvif.org/ver10/display/wsdl" xmlns:tmd="http://www.onvif.org/ver10/deviceIO/wsdl" xmlns:tptz="http://www.onvif.org/ver20/ptz/wsdl" xmlns:trc="http://www.onvif.org/ver10/recording/wsdl" xmlns:trp="http://www.onvif.org/ver10/replay/wsdl" xmlns:trt="http://www.onvif.org/ver10/media/wsdl" xmlns:trv="http://www.onvif.org/ver10/receiver/wsdl" xmlns:tse="http://www.onvif.org/ver10/search/wsdl"><SOAP-ENV:Header><wsse:Security SOAP-ENV:mustUnderstand="true"><wsse:UsernameToken wsu:Id="Id"><wsse:Username>admin</wsse:Username><wsse:Password Type="http://docs.oasis-open.org/wss/2004/01/oasis-200401-wss-username-token-profile-1.0#PasswordDigest">jeNalU0Vryh+kgRQ5cbD/iDbjBc=</wsse:Password><wsse:Nonce>ASe9V6Pre8BANUgsBlNo64k8iCk=</wsse:Nonce><wsu:Created>2016-08-24T04:48:01Z</wsu:Created></wsse:UsernameToken></wsse:Security></SOAP-ENV:Header><SOAP-ENV:Body><tptz:GetPresets><tptz:ProfileToken>MediaProfile000</tptz:ProfileToken></tptz:GetPresets></SOAP-ENV:Body></SOAP-ENV:Envelope>
POST /onvif/device_service HTTP/1.1
Host: 192.168.1.109
User-Agent: gSOAP/2.8
Content-Type: application/soap+xml; charset=utf-8; action="http://www.onvif.org/ver10/device/wsdl/GetCapabilities"
Content-Length: 2427
Connection: close
SOAPAction: "http://www.onvif.org/ver10/device/wsdl/GetCapabilities"

<?xml version="1.0" encoding="UTF-8"?>
<SOAP-ENV:Envelope xmlns:SOAP-ENV="http://www.w3.org/2003/05/soap-envelope" xmlns:SOAP-ENC="http://www.w3.org/2003/05/soap-encoding" xmlns:xsi="http://www.w3.org/2001/XMLSchema-instance" xmlns:xsd="http://www.w3.org/2001/XMLSchema" xmlns:c14n="http://www.w3.org/2001/10/xml-exc-c14n#" xmlns:wsu="http://docs.oasis-open.org/wss/2004/01/oasis-200401-wss-wssecurity-utility-1.0.xsd" xmlns:xenc="http://www.w3.org/2001/04/xmlenc#" xmlns:wsc="http://schemas.xmlsoap.org/ws/2005/02/sc" xmlns:ds="http://www.w3.org/2000/09/xmldsig#" xmlns:wsse="http://docs.oasis-open.org/wss/2004/01/oasis-200401-wss-wssecurity-secext-1.0.xsd" xmlns:wsa="http://schemas.xmlsoap.org/ws/2004/08/addressing" xmlns:wsdd="http://schemas.xmlsoap.org/ws/2005/04/discovery" xmlns:chan="http://schemas.microsoft.com/ws/2005/02/duplex" xmlns:wsa5="http://www.w3.org/2005/08/addressing" xmlns:xmime="http://tempuri.org/xmime.xsd" xmlns:xop="http://www.w3.org/2004/08/xop/include" xmlns:tt="http://www.onvif.org/ver10/schema" xmlns:wsrfbf="http://docs.oasis-open.org/wsrf/bf-2" xmlns:wstop="http://docs.oasis-open.org/wsn/t-1" xmlns:wsrfr="http://docs.oasis-open.org/wsrf/r-2" xmlns:tdn="http://www.onvif.org/ver10/network/wsdl" xmlns:tds="http://www.onvif.org/ver10/device/wsdl" xmlns:tev="http://www.onvif.org/ver10/events/wsdl" xmlns:wsnt="http://docs.oasis-open.org/wsn/b-2" xmlns:timg="http://www.onvif.org/ver20/imaging/wsdl" xmlns:tls="http://www.onvif.org/ver10/display/wsdl" xmlns:tmd="http://www.onvif.org/ver10/deviceIO/wsdl" xmlns:tptz="http://www.onvif.org/ver20/ptz/wsdl" xmlns:trc="http://www.onvif.org/ver10/recording/wsdl" xmlns:trp="http://www.onvif.org/ver10/replay/wsdl" xmlns:trt="http://www.onvif.org/ver10/media/wsdl" xmlns:trv="http://www.onvif.org/ver10/receiver/wsdl" xmlns:tse="http://www.onvif.org/ver10/search/wsdl"><SOAP-ENV:Header><wsse:Security SOAP-ENV:mustUnderstand="true"><wsse:UsernameToken wsu:Id="Id"><wsse:Username>admin</wsse:Username><wsse:Password Type="http://docs.oasis-open.org/wss/2004/01/oasis-200401-wss-username-token-profile-1.0#PasswordDigest">1vKuvtrPkFAycSQcMKSNcctAVSY=</wsse:Password><wsse:Nonce>tDC9V0mgNoyJe8IDFTQcQAfBlvI=</wsse:Nonce><wsu:Created>2016-08-24T05:29:24Z</wsu:Created></wsse:UsernameToken></wsse:Security></SOAP-ENV:Header><SOAP-ENV:Body><tds:GetCapabilities><tds:Category>All</tds:Category></tds:GetCapabilities></SOAP-ENV:Body></SOAP-ENV:Envelope>
POST /onvif/media_service HTTP/1.1
Host: 192.168.1.109
User-Agent: gSOAP/2.8
Content-Type: application/soap+xml; charset=utf-8; action="http://www.onvif.org/ver10/media/wsdl/GetProfiles"
Content-Length: 2387
Connection: close
SOAPAction: "http://www.onvif.org/ver10/media/wsdl/GetProfiles"

<?xml version="1.0" encoding="UTF-8"?>
<SOAP-ENV:Envelope xmlns:SOAP-ENV="http://www.w3.org/2003/05/soap-envelope" xmlns:SOAP-ENC="http://www.w3.org/2003/05/soap-encoding" xmlns:xsi="http://www.w3.org/2001/XMLSchema-instance" xmlns:xsd="http://www.w3.org/2001/XMLSchema" xmlns:c14n="http://www.w3.org/2001/10/xml-exc-c14n#" xmlns:wsu="http://docs.oasis-open.org/wss/2004/01/oasis-200401-wss-wssecurity-utility-1.0.xsd" xmlns:xenc="http://www.w3.org/2001/04/xmlenc#" xmlns:wsc="http://schemas.xmlsoap.org/ws/2005/02/sc" xmlns:ds="http://www.w3.org/2000/09/xmldsig#" xmlns:wsse="http://docs.oasis-open.org/wss/2004/01/oasis-200401-wss-wssecurity-secext-1.0.xsd" xmlns:wsa="http://schemas.xmlsoap.org/ws/2004/08/addressing" xmlns:wsdd="http://schemas.xmlsoap.org/ws/2005/04/discovery" xmlns:chan="http://schemas.microsoft.com/ws/2005/02/duplex" xmlns:wsa5="http://www.w3.org/2005/08/addressing" xmlns:xmime="http://tempuri.org/xmime.xsd" xmlns:xop="http://www.w3.org/2004/08/xop/include" xmlns:tt="http://www.onvif.org/ver10/schema" xmlns:wsrfbf="http://docs.oasis-open.org/wsrf/bf-2" xmlns:wstop="http://docs.oasis-open.org/wsn/t-1" xmlns:wsrfr="http://docs.oasis-open.org/wsrf/r-2" xmlns:tdn="http://www.onvif.org/ver10/network/wsdl" xmlns:tds="http://www.onvif.org/ver10/device/wsdl" xmlns:tev="http://www.onvif.org/ver10/events/wsdl" xmlns:wsnt="http://docs.oasis-open.org/wsn/b-2" xmlns:timg="http://www.onvif.org/ver20/imaging/wsdl" xmlns:tls="http://www.onvif.org/ver10/display/wsdl" xmlns:tmd="http://www.onvif.org/ver10/deviceIO/wsdl" xmlns:tptz="http://www.onvif.org/ver20/ptz/wsdl" xmlns:trc="http://www.onvif.org/ver10/recording/wsdl" xmlns:trp="http://www.onvif.org/ver10/replay/wsdl" xmlns:trt="http://www.onvif.org/ver10/media/wsdl" xmlns:trv="http://www.onvif.org/ver10/receiver/wsdl" xmlns:tse="http://www.onvif.org/ver10/search/wsdl"><SOAP-ENV:Header><wsse:Security SOAP-ENV:mustUnderstand="true"><wsse:UsernameToken wsu:Id="Id"><wsse:Username>admin</wsse:Username><wsse:Password Type="http://docs.oasis-open.org/wss/2004/01/oasis-200401-wss-username-token-profile-1.0#PasswordDigest">V99XInjiq+qwi1m4YM7lqHcg5Jc=</wsse:Password><wsse:Nonce>tTC9VzRRm4lgyL52+LWR/k2sL9I=</wsse:Nonce><wsu:Created>2016-08-24T05:29:25Z</wsu:Created></wsse:UsernameToken></wsse:Security></SOAP-ENV:Header><SOAP-ENV:Body><trt:GetProfiles></trt:GetProfiles></SOAP-ENV:Body></SOAP-ENV:Envelope>
POST /onvif/device_service HTTP/1.1
Host: 192.168.1.109
User-Agent: gSOAP/2.8
Content-Type: application/soap+xml; charset=utf-8; action="http://www.onvif.org/ver20/ptz/wsdl/GetPresetTours"
Content-Length: 2449
Connection: close
SOAPAction: "http://www.onvif.org/ver20/ptz/wsdl/GetPresetTours"

<?xml version="1.0" encoding="UTF-8"?>
<SOAP-ENV:Envelope xmlns:SOAP-ENV="http://www.w3.org/2003/05/soap-envelope" xmlns:SOAP-ENC="http://www.w3.org/2003/05/soap-encoding" xmlns:xsi="http://www.w3.org/2001/XMLSchema-instance" xmlns:xsd="http://www.w3.org/2001/XMLSchema" xmlns:c14n="http://www.w3.org/2001/10/xml-exc-c14n#" xmlns:wsu="http://docs.oasis-open.org/wss/2004/01/oasis-200401-wss-wssecurity-utility-1.0.xsd" xmlns:xenc="http://www.w3.org/2001/04/xmlenc#" xmlns:wsc="http://schemas.xmlsoap.org/ws/2005/02/sc" xmlns:ds="http://www.w3.org/2000/09/xmldsig#" xmlns:wsse="http://docs.oasis-open.org/wss/2004/01/oasis-200401-wss-wssecurity-secext-1.0.xsd" xmlns:wsa="http://schemas.xmlsoap.org/ws/2004/08/addressing" xmlns:wsdd="http://schemas.xmlsoap.org/ws/2005/04/discovery" xmlns:chan="http://schemas.microsoft.com/ws/2005/02/duplex" xmlns:wsa5="http://www.w3.org/2005/08/addressing" xmlns:xmime="http://tempuri.org/xmime.xsd" xmlns:xop="http://www.w3.org/2004/08/xop/include" xmlns:tt="http://www.onvif.org/ver10/schema" xmlns:wsrfbf="http://docs.oasis-open.org/wsrf/bf-2" xmlns:wstop="http://docs.oasis-open.org/wsn/t-1" xmlns:wsrfr="http://docs.oasis-open.org/wsrf/r-2" xmlns:tdn="http://www.onvif.org/ver10/network/wsdl" xmlns:tds="http://www.onvif.org/ver10/device/wsdl" xmlns:tev="http://www.onvif.org/ver10/events/wsdl" xmlns:wsnt="http://docs.oasis-open.org/wsn/b-2" xmlns:timg="http://www.onvif.org/ver20/imaging/wsdl" xmlns:tls="http://www.onvif.org/ver10/display/wsdl" xmlns:tmd="http://www.onvif.org/ver10/deviceIO/wsdl" xmlns:tptz="http://www.onvif.org/ver20/ptz/wsdl" xmlns:trc="http://www.onvif.org/ver10/recording/wsdl" xmlns:trp="http://www.onvif.org/ver10/replay/wsdl" xmlns:trt="http://www.onvif.org/ver10/media/wsdl" xmlns:trv="http://www.onvif.org/ver10/receiver/wsdl" xmlns:tse="http://www.onvif.org/ver10/search/wsdl"><SOAP-ENV:Header><wsse:Security SOAP-ENV:mustUnderstand="true"><wsse:UsernameToken wsu:Id="Id"><wsse:Username>admin</wsse:Username><wsse:Password Type="http://docs.oasis-open.org/wss/2004/01/oasis-200401-wss-username-token-profile-1.0#PasswordDigest">gD8MVFrupT2XbIaKHRd2GibHXN8=</wsse:Password><wsse:Nonce>vDC9V++H0b9ESM4bDpW5/gISinI=</wsse:Nonce><wsu:Created>2016-08-24T05:29:32Z</wsu:Created></wsse:UsernameToken></wsse:Security></SOAP-ENV:Header><SOAP-ENV:Body><tptz:GetPresetTours><tptz:ProfileToken>MediaProfile000</tptz:ProfileToken></tptz:GetPresetTours></SOAP-ENV:Body></SOAP-ENV:Envelope>
POST /onvif/device_service HTTP/1.1
Host: 192.168.1.109
User-Agent: gSOAP/2.8
Content-Type: application/soap+xml; charset=utf-8; action="http://www.onvif.org/ver20/ptz/wsdl/GetPresets"
Content-Length: 2441
Connection: close
SOAPAction: "http://www.onvif.org/ver20/ptz/wsdl/GetPresets"

<?xml version="1.0" encoding="UTF-8"?>
<SOAP-ENV:Envelope xmlns:SOAP-ENV="http://www.w3.org/2003/05/soap-envelope" xmlns:SOAP-ENC="http://www.w3.org/2003/05/soap-encoding" xmlns:xsi="http://www.w3.org/2001/XMLSchema-instance" xmlns:xsd="http://www.w3.org/2001/XMLSchema" xmlns:c14n="http://www.w3.org/2001/10/xml-exc-c14n#" xmlns:wsu="http://docs.oasis-open.org/wss/2004/01/oasis-200401-wss-wssecurity-utility-1.0.xsd" xmlns:xenc="http://www.w3.org/2001/04/xmlenc#" xmlns:wsc="http://schemas.xmlsoap.org/ws/2005/02/sc" xmlns:ds="http://www.w3.org/2000/09/xmldsig#" xmlns:wsse="http://docs.oasis-open.org/wss/2004/01/oasis-200401-wss-wssecurity-secext-1.0.xsd" xmlns:wsa="http://schemas.xmlsoap.org/ws/2004/08/addressing" xmlns:wsdd="http://schemas.xmlsoap.org/ws/2005/04/discovery" xmlns:chan="http://schemas.microsoft.com/ws/2005/02/duplex" xmlns:wsa5="http://www.w3.org/2005/08/addressing" xmlns:xmime="http://tempuri.org/xmime.xsd" xmlns:xop="http://www.w3.org/2004/08/xop/include" xmlns:tt="http://www.onvif.org/ver10/schema" xmlns:wsrfbf="http://docs.oasis-open.org/wsrf/bf-2" xmlns:wstop="http://docs.oasis-open.org/wsn/t-1" xmlns:wsrfr="http://docs.oasis-open.org/wsrf/r-2" xmlns:tdn="http://www.onvif.org/ver10/network/wsdl" xmlns:tds="http://www.onvif.org/ver10/device/wsdl" xmlns:tev="http://www.onvif.org/ver10/events/wsdl" xmlns:wsnt="http://docs.oasis-open.org/wsn/b-2" xmlns:timg="http://www.onvif.org/ver20/imaging/wsdl" xmlns:tls="http://www.onvif.org/ver10/display/wsdl" xmlns:tmd="http://www.onvif.org/ver10/deviceIO/wsdl" xmlns:tptz="http://www.onvif.org/ver20/ptz/wsdl" xmlns:trc="http://www.onvif.org/ver10/recording/wsdl" xmlns:trp="http://www.onvif.org/ver10/replay/wsdl" xmlns:trt="http://www.onvif.org/ver10/media/wsdl" xmlns:trv="http://www.onvif.org/ver10/receiver/wsdl" xmlns:tse="http://www.onvif.org/ver10/search/wsdl"><SOAP-ENV:Header><wsse:Security SOAP-ENV:mustUnderstand="true"><wsse:UsernameToken wsu:Id="Id"><wsse:Username>admin</wsse:Username><wsse:Password Type="http://docs.oasis-open.org/wss/2004/01/oasis-200401-wss-username-token-profile-1.0#PasswordDigest">I2uPHBQp5XD4a0SW0hH3EGJUL4M=</wsse:Password><wsse:Nonce>vTC9V9DC4eDXPnWxLfq2AmT9u0A=</wsse:Nonce><wsu:Created>2016-08-24T05:29:33Z</wsu:Created></wsse:UsernameToken></wsse:Security></SOAP-ENV:Header><SOAP-ENV:Body><tptz:GetPresets><tptz:ProfileToken>MediaProfile000</tptz:ProfileToken></tptz:GetPresets></SOAP-ENV:Body></SOAP-ENV:Envelope>
POST /onvif/device_service HTTP/1.1
Host: 192.168.1.109
User-Agent: gSOAP/2.8
Content-Type: application/soap+xml; charset=utf-8; action="http://www.onvif.org/ver10/device/wsdl/GetCapabilities"
Content-Length: 2427
Connection: close
SOAPAction: "http://www.onvif.org/ver10/device/wsdl/GetCapabilities"

<?xml version="1.0" encoding="UTF-8"?>
<SOAP-ENV:Envelope xmlns:SOAP-ENV="http://www.w3.org/2003/05/soap-envelope" xmlns:SOAP-ENC="http://www.w3.org/2003/05/soap-encoding" xmlns:xsi="http://www.w3.org/2001/XMLSchema-instance" xmlns:xsd="http://www.w3.org/2001/XMLSchema" xmlns:c14n="http://www.w3.org/2001/10/xml-exc-c14n#" xmlns:wsu="http://docs.oasis-open.org/wss/2004/01/oasis-200401-wss-wssecurity-utility-1.0.xsd" xmlns:xenc="http://www.w3.org/2001/04/xmlenc#" xmlns:wsc="http://schemas.xmlsoap.org/ws/2005/02/sc" xmlns:ds="http://www.w3.org/2000/09/xmldsig#" xmlns:wsse="http://docs.oasis-open.org/wss/2004/01/oasis-200401-wss-wssecurity-secext-1.0.xsd" xmlns:wsa="http://schemas.xmlsoap.org/ws/2004/08/addressing" xmlns:wsdd="http://schemas.xmlsoap.org/ws/2005/04/discovery" xmlns:chan="http://schemas.microsoft.com/ws/2005/02/duplex" xmlns:wsa5="http://www.w3.org/2005/08/addressing" xmlns:xmime="http://tempuri.org/xmime.xsd" xmlns:xop="http://www.w3.org/2004/08/xop/include" xmlns:tt="http://www.onvif.org/ver10/schema" xmlns:wsrfbf="http://docs.oasis-open.org/wsrf/bf-2" xmlns:wstop="http://docs.oasis-open.org/wsn/t-1" xmlns:wsrfr="http://docs.oasis-open.org/wsrf/r-2" xmlns:tdn="http://www.onvif.org/ver10/network/wsdl" xmlns:tds="http://www.onvif.org/ver10/device/wsdl" xmlns:tev="http://www.onvif.org/ver10/events/wsdl" xmlns:wsnt="http://docs.oasis-open.org/wsn/b-2" xmlns:timg="http://www.onvif.org/ver20/imaging/wsdl" xmlns:tls="http://www.onvif.org/ver10/display/wsdl" xmlns:tmd="http://www.onvif.org/ver10/deviceIO/wsdl" xmlns:tptz="http://www.onvif.org/ver20/ptz/wsdl" xmlns:trc="http://www.onvif.org/ver10/recording/wsdl" xmlns:trp="http://www.onvif.org/ver10/replay/wsdl" xmlns:trt="http://www.onvif.org/ver10/media/wsdl" xmlns:trv="http://www.onvif.org/ver10/receiver/wsdl" xmlns:tse="http://www.onvif.org/ver10/search/wsdl"><SOAP-ENV:Header><wsse:Security SOAP-ENV:mustUnderstand="true"><wsse:UsernameToken wsu:Id="Id"><wsse:Username>admin</wsse:Username><wsse:Password Type="http://docs.oasis-open.org/wss/2004/01/oasis-200401-wss-username-token-profile-1.0#PasswordDigest">Q8hRI9Gy4A20UB2B5UAsjuGUuhM=</wsse:Password><wsse:Nonce>AjG9V0gInSWvzEJhEGIDO0MeOWM=</wsse:Nonce><wsu:Created>2016-08-24T05:30:42Z</wsu:Created></wsse:UsernameToken></wsse:Security></SOAP-ENV:Header><SOAP-ENV:Body><tds:GetCapabilities><tds:Category>All</tds:Category></tds:GetCapabilities></SOAP-ENV:Body></SOAP-ENV:Envelope>
POST /onvif/media_service HTTP/1.1
Host: 192.168.1.109
User-Agent: gSOAP/2.8
Content-Type: application/soap+xml; charset=utf-8; action="http://www.onvif.org/ver10/media/wsdl/GetProfiles"
Content-Length: 2387
Connection: close
SOAPAction: "http://www.onvif.org/ver10/media/wsdl/GetProfiles"

<?xml version="1.0" encoding="UTF-8"?>
<SOAP-ENV:Envelope xmlns:SOAP-ENV="http://www.w3.org/2003/05/soap-envelope" xmlns:SOAP-ENC="http://www.w3.org/2003/05/soap-encoding" xmlns:xsi="http://www.w3.org/2001/XMLSchema-instance" xmlns:xsd="http://www.w3.org/2001/XMLSchema" xmlns:c14n="http://www.w3.org/2001/10/xml-exc-c14n#" xmlns:wsu="http://docs.oasis-open.org/wss/2004/01/oasis-200401-wss-wssecurity-utility-1.0.xsd" xmlns:xenc="http://www.w3.org/2001/04/xmlenc#" xmlns:wsc="http://schemas.xmlsoap.org/ws/2005/02/sc" xmlns:ds="http://www.w3.org/2000/09/xmldsig#" xmlns:wsse="http://docs.oasis-open.org/wss/2004/01/oasis-200401-wss-wssecurity-secext-1.0.xsd" xmlns:wsa="http://schemas.xmlsoap.org/ws/2004/08/addressing" xmlns:wsdd="http://schemas.xmlsoap.org/ws/2005/04/discovery" xmlns:chan="http://schemas.microsoft.com/ws/2005/02/duplex" xmlns:wsa5="http://www.w3.org/2005/08/addressing" xmlns:xmime="http://tempuri.org/xmime.xsd" xmlns:xop="http://www.w3.org/2004/08/xop/include" xmlns:tt="http://www.onvif.org/ver10/schema" xmlns:wsrfbf="http://docs.oasis-open.org/wsrf/bf-2" xmlns:wstop="http://docs.oasis-open.org/wsn/t-1" xmlns:wsrfr="http://docs.oasis-open.org/wsrf/r-2" xmlns:tdn="http://www.onvif.org/ver10/network/wsdl" xmlns:tds="http://www.onvif.org/ver10/device/wsdl" xmlns:tev="http://www.onvif.org/ver10/events/wsdl" xmlns:wsnt="http://docs.oasis-open.org/wsn/b-2" xmlns:timg="http://www.onvif.org/ver20/imaging/wsdl" xmlns:tls="http://www.onvif.org/ver10/display/wsdl" xmlns:tmd="http://www.onvif.org/ver10/deviceIO/wsdl" xmlns:tptz="http://www.onvif.org/ver20/ptz/wsdl" xmlns:trc="http://www.onvif.org/ver10/recording/wsdl" xmlns:trp="http://www.onvif.org/ver10/replay/wsdl" xmlns:trt="http://www.onvif.org/ver10/media/wsdl" xmlns:trv="http://www.onvif.org/ver10/receiver/wsdl" xmlns:tse="http://www.onvif.org/ver10/search/wsdl"><SOAP-ENV:Header><wsse:Security SOAP-ENV:mustUnderstand="true"><wsse:UsernameToken wsu:Id="Id"><wsse:Username>admin</wsse:Username><wsse:Password Type="http://docs.oasis-open.org/wss/2004/01/oasis-200401-wss-username-token-profile-1.0#PasswordDigest">p+aWQkutvb976LTv+WpCEFe24a4=</wsse:Password><wsse:Nonce>AzG9VwZfK98K4AcUDIWtViW1cbI=</wsse:Nonce><wsu:Created>2016-08-24T05:30:43Z</wsu:Created></wsse:UsernameToken></wsse:Security></SOAP-ENV:Header><SOAP-ENV:Body><trt:GetProfiles></trt:GetProfiles></SOAP-ENV:Body></SOAP-ENV:Envelope>
POST /onvif/device_service HTTP/1.1
Host: 192.168.1.109
User-Agent: gSOAP/2.8
Content-Type: application/soap+xml; charset=utf-8; action="http://www.onvif.org/ver20/ptz/wsdl/GetPresetTours"
Content-Length: 2449
Connection: close
SOAPAction: "http://www.onvif.org/ver20/ptz/wsdl/GetPresetTours"

<?xml version="1.0" encoding="UTF-8"?>
<SOAP-ENV:Envelope xmlns:SOAP-ENV="http://www.w3.org/2003/05/soap-envelope" xmlns:SOAP-ENC="http://www.w3.org/2003/05/soap-encoding" xmlns:xsi="http://www.w3.org/2001/XMLSchema-instance" xmlns:xsd="http://www.w3.org/2001/XMLSchema" xmlns:c14n="http://www.w3.org/2001/10/xml-exc-c14n#" xmlns:wsu="http://docs.oasis-open.org/wss/2004/01/oasis-200401-wss-wssecurity-utility-1.0.xsd" xmlns:xenc="http://www.w3.org/2001/04/xmlenc#" xmlns:wsc="http://schemas.xmlsoap.org/ws/2005/02/sc" xmlns:ds="http://www.w3.org/2000/09/xmldsig#" xmlns:wsse="http://docs.oasis-open.org/wss/2004/01/oasis-200401-wss-wssecurity-secext-1.0.xsd" xmlns:wsa="http://schemas.xmlsoap.org/ws/2004/08/addressing" xmlns:wsdd="http://schemas.xmlsoap.org/ws/2005/04/discovery" xmlns:chan="http://schemas.microsoft.com/ws/2005/02/duplex" xmlns:wsa5="http://www.w3.org/2005/08/addressing" xmlns:xmime="http://tempuri.org/xmime.xsd" xmlns:xop="http://www.w3.org/2004/08/xop/include" xmlns:tt="http://www.onvif.org/ver10/schema" xmlns:wsrfbf="http://docs.oasis-open.org/wsrf/bf-2" xmlns:wstop="http://docs.oasis-open.org/wsn/t-1" xmlns:wsrfr="http://docs.oasis-open.org/wsrf/r-2" xmlns:tdn="http://www.onvif.org/ver10/network/wsdl" xmlns:tds="http://www.onvif.org/ver10/device/wsdl" xmlns:tev="http://www.onvif.org/ver10/events/wsdl" xmlns:wsnt="http://docs.oasis-open.org/wsn/b-2" xmlns:timg="http://www.onvif.org/ver20/imaging/wsdl" xmlns:tls="http://www.onvif.org/ver10/display/wsdl" xmlns:tmd="http://www.onvif.org/ver10/deviceIO/wsdl" xmlns:tptz="http://www.onvif.org/ver20/ptz/wsdl" xmlns:trc="http://www.onvif.org/ver10/recording/wsdl" xmlns:trp="http://www.onvif.org/ver10/replay/wsdl" xmlns:trt="http://www.onvif.org/ver10/media/wsdl" xmlns:trv="http://www.onvif.org/ver10/receiver/wsdl" xmlns:tse="http://www.onvif.org/ver10/search/wsdl"><SOAP-ENV:Header><wsse:Security SOAP-ENV:mustUnderstand="true"><wsse:UsernameToken wsu:Id="Id"><wsse:Username>admin</wsse:Username><wsse:Password Type="http://docs.oasis-open.org/wss/2004/01/oasis-200401-wss-username-token-profile-1.0#PasswordDigest">QJ9E57wAAY3OgnIsqLbpySrEoGE=</wsse:Password><wsse:Nonce>CDG9V+ZS/9FMhOh1/heJZeQuhnU=</wsse:Nonce><wsu:Created>2016-08-24T05:30:48Z</wsu:Created></wsse:UsernameToken></wsse:Security></SOAP-ENV:Header><SOAP-ENV:Body><tptz:GetPresetTours><tptz:ProfileToken>MediaProfile000</tptz:ProfileToken></tptz:GetPresetTours></SOAP-ENV:Body></SOAP-ENV:Envelope>
POST /onvif/device_service HTTP/1.1
Host: 192.168.1.109
User-Agent: gSOAP/2.8
Content-Type: application/soap+xml; charset=utf-8; action="http://www.onvif.org/ver20/ptz/wsdl/GetPresets"
Content-Length: 2441
Connection: close
SOAPAction: "http://www.onvif.org/ver20/ptz/wsdl/GetPresets"

<?xml version="1.0" encoding="UTF-8"?>
<SOAP-ENV:Envelope xmlns:SOAP-ENV="http://www.w3.org/2003/05/soap-envelope" xmlns:SOAP-ENC="http://www.w3.org/2003/05/soap-encoding" xmlns:xsi="http://www.w3.org/2001/XMLSchema-instance" xmlns:xsd="http://www.w3.org/2001/XMLSchema" xmlns:c14n="http://www.w3.org/2001/10/xml-exc-c14n#" xmlns:wsu="http://docs.oasis-open.org/wss/2004/01/oasis-200401-wss-wssecurity-utility-1.0.xsd" xmlns:xenc="http://www.w3.org/2001/04/xmlenc#" xmlns:wsc="http://schemas.xmlsoap.org/ws/2005/02/sc" xmlns:ds="http://www.w3.org/2000/09/xmldsig#" xmlns:wsse="http://docs.oasis-open.org/wss/2004/01/oasis-200401-wss-wssecurity-secext-1.0.xsd" xmlns:wsa="http://schemas.xmlsoap.org/ws/2004/08/addressing" xmlns:wsdd="http://schemas.xmlsoap.org/ws/2005/04/discovery" xmlns:chan="http://schemas.microsoft.com/ws/2005/02/duplex" xmlns:wsa5="http://www.w3.org/2005/08/addressing" xmlns:xmime="http://tempuri.org/xmime.xsd" xmlns:xop="http://www.w3.org/2004/08/xop/include" xmlns:tt="http://www.onvif.org/ver10/schema" xmlns:wsrfbf="http://docs.oasis-open.org/wsrf/bf-2" xmlns:wstop="http://docs.oasis-open.org/wsn/t-1" xmlns:wsrfr="http://docs.oasis-open.org/wsrf/r-2" xmlns:tdn="http://www.onvif.org/ver10/network/wsdl" xmlns:tds="http://www.onvif.org/ver10/device/wsdl" xmlns:tev="http://www.onvif.org/ver10/events/wsdl" xmlns:wsnt="http://docs.oasis-open.org/wsn/b-2" xmlns:timg="http://www.onvif.org/ver20/imaging/wsdl" xmlns:tls="http://www.onvif.org/ver10/display/wsdl" xmlns:tmd="http://www.onvif.org/ver10/deviceIO/wsdl" xmlns:tptz="http://www.onvif.org/ver20/ptz/wsdl" xmlns:trc="http://www.onvif.org/ver10/recording/wsdl" xmlns:trp="http://www.onvif.org/ver10/replay/wsdl" xmlns:trt="http://www.onvif.org/ver10/media/wsdl" xmlns:trv="http://www.onvif.org/ver10/receiver/wsdl" xmlns:tse="http://www.onvif.org/ver10/search/wsdl"><SOAP-ENV:Header><wsse:Security SOAP-ENV:mustUnderstand="true"><wsse:UsernameToken wsu:Id="Id"><wsse:Username>admin</wsse:Username><wsse:Password Type="http://docs.oasis-open.org/wss/2004/01/oasis-200401-wss-username-token-profile-1.0#PasswordDigest">mVwBtXgmfk7lgCPyo0mEOBV9jis=</wsse:Password><wsse:Nonce>CTG9V78OVQbqwwplzvWVCPBDjTc=</wsse:Nonce><wsu:Created>2016-08-24T05:30:49Z</wsu:Created></wsse:UsernameToken></wsse:Security></SOAP-ENV:Header><SOAP-ENV:Body><tptz:GetPresets><tptz:ProfileToken>MediaProfile000</tptz:ProfileToken></tptz:GetPresets></SOAP-ENV:Body></SOAP-ENV:Envelope>
POST /onvif/device_service HTTP/1.1
Host: 192.168.1.109
User-Agent: gSOAP/2.8
Content-Type: application/soap+xml; charset=utf-8; action="http://www.onvif.org/ver10/device/wsdl/GetCapabilities"
Content-Length: 2427
Connection: close
SOAPAction: "http://www.onvif.org/ver10/device/wsdl/GetCapabilities"

<?xml version="1.0" encoding="UTF-8"?>
<SOAP-ENV:Envelope xmlns:SOAP-ENV="http://www.w3.org/2003/05/soap-envelope" xmlns:SOAP-ENC="http://www.w3.org/2003/05/soap-encoding" xmlns:xsi="http://www.w3.org/2001/XMLSchema-instance" xmlns:xsd="http://www.w3.org/2001/XMLSchema" xmlns:c14n="http://www.w3.org/2001/10/xml-exc-c14n#" xmlns:wsu="http://docs.oasis-open.org/wss/2004/01/oasis-200401-wss-wssecurity-utility-1.0.xsd" xmlns:xenc="http://www.w3.org/2001/04/xmlenc#" xmlns:wsc="http://schemas.xmlsoap.org/ws/2005/02/sc" xmlns:ds="http://www.w3.org/2000/09/xmldsig#" xmlns:wsse="http://docs.oasis-open.org/wss/2004/01/oasis-200401-wss-wssecurity-secext-1.0.xsd" xmlns:wsa="http://schemas.xmlsoap.org/ws/2004/08/addressing" xmlns:wsdd="http://schemas.xmlsoap.org/ws/2005/04/discovery" xmlns:chan="http://schemas.microsoft.com/ws/2005/02/duplex" xmlns:wsa5="http://www.w3.org/2005/08/addressing" xmlns:xmime="http://tempuri.org/xmime.xsd" xmlns:xop="http://www.w3.org/2004/08/xop/include" xmlns:tt="http://www.onvif.org/ver10/schema" xmlns:wsrfbf="http://docs.oasis-open.org/wsrf/bf-2" xmlns:wstop="http://docs.oasis-open.org/wsn/t-1" xmlns:wsrfr="http://docs.oasis-open.org/wsrf/r-2" xmlns:tdn="http://www.onvif.org/ver10/network/wsdl" xmlns:tds="http://www.onvif.org/ver10/device/wsdl" xmlns:tev="http://www.onvif.org/ver10/events/wsdl" xmlns:wsnt="http://docs.oasis-open.org/wsn/b-2" xmlns:timg="http://www.onvif.org/ver20/imaging/wsdl" xmlns:tls="http://www.onvif.org/ver10/display/wsdl" xmlns:tmd="http://www.onvif.org/ver10/deviceIO/wsdl" xmlns:tptz="http://www.onvif.org/ver20/ptz/wsdl" xmlns:trc="http://www.onvif.org/ver10/recording/wsdl" xmlns:trp="http://www.onvif.org/ver10/replay/wsdl" xmlns:trt="http://www.onvif.org/ver10/media/wsdl" xmlns:trv="http://www.onvif.org/ver10/receiver/wsdl" xmlns:tse="http://www.onvif.org/ver10/search/wsdl"><SOAP-ENV:Header><wsse:Security SOAP-ENV:mustUnderstand="true"><wsse:UsernameToken wsu:Id="Id"><wsse:Username>admin</wsse:Username><wsse:Password Type="http://docs.oasis-open.org/wss/2004/01/oasis-200401-wss-username-token-profile-1.0#PasswordDigest">IGqUHk1p6IAiWP3VspaP7VW6xWg=</wsse:Password><wsse:Nonce>LDG9V2Q23oiDpEtaEis7X2M+uHE=</wsse:Nonce><wsu:Created>2016-08-24T05:31:24Z</wsu:Created></wsse:UsernameToken></wsse:Security></SOAP-ENV:Header><SOAP-ENV:Body><tds:GetCapabilities><tds:Category>All</tds:Category></tds:GetCapabilities></SOAP-ENV:Body></SOAP-ENV:Envelope>
POST /onvif/media_service HTTP/1.1
Host: 192.168.1.109
User-Agent: gSOAP/2.8
Content-Type: application/soap+xml; charset=utf-8; action="http://www.onvif.org/ver10/media/wsdl/GetProfiles"
Content-Length: 2387
Connection: close
SOAPAction: "http://www.onvif.org/ver10/media/wsdl/GetProfiles"

<?xml version="1.0" encoding="UTF-8"?>
<SOAP-ENV:Envelope xmlns:SOAP-ENV="http://www.w3.org/2003/05/soap-envelope" xmlns:SOAP-ENC="http://www.w3.org/2003/05/soap-encoding" xmlns:xsi="http://www.w3.org/2001/XMLSchema-instance" xmlns:xsd="http://www.w3.org/2001/XMLSchema" xmlns:c14n="http://www.w3.org/2001/10/xml-exc-c14n#" xmlns:wsu="http://docs.oasis-open.org/wss/2004/01/oasis-200401-wss-wssecurity-utility-1.0.xsd" xmlns:xenc="http://www.w3.org/2001/04/xmlenc#" xmlns:wsc="http://schemas.xmlsoap.org/ws/2005/02/sc" xmlns:ds="http://www.w3.org/2000/09/xmldsig#" xmlns:wsse="http://docs.oasis-open.org/wss/2004/01/oasis-200401-wss-wssecurity-secext-1.0.xsd" xmlns:wsa="http://schemas.xmlsoap.org/ws/2004/08/addressing" xmlns:wsdd="http://schemas.xmlsoap.org/ws/2005/04/discovery" xmlns:chan="http://schemas.microsoft.com/ws/2005/02/duplex" xmlns:wsa5="http://www.w3.org/2005/08/addressing" xmlns:xmime="http://tempuri.org/xmime.xsd" xmlns:xop="http://www.w3.org/2004/08/xop/include" xmlns:tt="http://www.onvif.org/ver10/schema" xmlns:wsrfbf="http://docs.oasis-open.org/wsrf/bf-2" xmlns:wstop="http://docs.oasis-open.org/wsn/t-1" xmlns:wsrfr="http://docs.oasis-open.org/wsrf/r-2" xmlns:tdn="http://www.onvif.org/ver10/network/wsdl" xmlns:tds="http://www.onvif.org/ver10/device/wsdl" xmlns:tev="http://www.onvif.org/ver10/events/wsdl" xmlns:wsnt="http://docs.oasis-open.org/wsn/b-2" xmlns:timg="http://www.onvif.org/ver20/imaging/wsdl" xmlns:tls="http://www.onvif.org/ver10/display/wsdl" xmlns:tmd="http://www.onvif.org/ver10/deviceIO/wsdl" xmlns:tptz="http://www.onvif.org/ver20/ptz/wsdl" xmlns:trc="http://www.onvif.org/ver10/recording/wsdl" xmlns:trp="http://www.onvif.org/ver10/replay/wsdl" xmlns:trt="http://www.onvif.org/ver10/media/wsdl" xmlns:trv="http://www.onvif.org/ver10/receiver/wsdl" xmlns:tse="http://www.onvif.org/ver10/search/wsdl"><SOAP-ENV:Header><wsse:Security SOAP-ENV:mustUnderstand="true"><wsse:UsernameToken wsu:Id="Id"><wsse:Username>admin</wsse:Username><wsse:Password Type="http://docs.oasis-open.org/wss/2004/01/oasis-200401-wss-username-token-profile-1.0#PasswordDigest">G0hkl+NgG0JlYIUv//ZOHVCYONk=</wsse:Password><wsse:Nonce>LjG9VyH8M8ucytOeeyh7d/6zw34=</wsse:Nonce><wsu:Created>2016-08-24T05:31:26Z</wsu:Created></wsse:UsernameToken></wsse:Security></SOAP-ENV:Header><SOAP-ENV:Body><trt:GetProfiles></trt:GetProfiles></SOAP-ENV:Body></SOAP-ENV:Envelope>
POST /onvif/device_service HTTP/1.1
Host: 192.168.1.109
User-Agent: gSOAP/2.8
Content-Type: application/soap+xml; charset=utf-8; action="http://www.onvif.org/ver20/ptz/wsdl/GetPresetTours"
Content-Length: 2449
Connection: close
SOAPAction: "http://www.onvif.org/ver20/ptz/wsdl/GetPresetTours"

<?xml version="1.0" encoding="UTF-8"?>
<SOAP-ENV:Envelope xmlns:SOAP-ENV="http://www.w3.org/2003/05/soap-envelope" xmlns:SOAP-ENC="http://www.w3.org/2003/05/soap-encoding" xmlns:xsi="http://www.w3.org/2001/XMLSchema-instance" xmlns:xsd="http://www.w3.org/2001/XMLSchema" xmlns:c14n="http://www.w3.org/2001/10/xml-exc-c14n#" xmlns:wsu="http://docs.oasis-open.org/wss/2004/01/oasis-200401-wss-wssecurity-utility-1.0.xsd" xmlns:xenc="http://www.w3.org/2001/04/xmlenc#" xmlns:wsc="http://schemas.xmlsoap.org/ws/2005/02/sc" xmlns:ds="http://www.w3.org/2000/09/xmldsig#" xmlns:wsse="http://docs.oasis-open.org/wss/2004/01/oasis-200401-wss-wssecurity-secext-1.0.xsd" xmlns:wsa="http://schemas.xmlsoap.org/ws/2004/08/addressing" xmlns:wsdd="http://schemas.xmlsoap.org/ws/2005/04/discovery" xmlns:chan="http://schemas.microsoft.com/ws/2005/02/duplex" xmlns:wsa5="http://www.w3.org/2005/08/addressing" xmlns:xmime="http://tempuri.org/xmime.xsd" xmlns:xop="http://www.w3.org/2004/08/xop/include" xmlns:tt="http://www.onvif.org/ver10/schema" xmlns:wsrfbf="http://docs.oasis-open.org/wsrf/bf-2" xmlns:wstop="http://docs.oasis-open.org/wsn/t-1" xmlns:wsrfr="http://docs.oasis-open.org/wsrf/r-2" xmlns:tdn="http://www.onvif.org/ver10/network/wsdl" xmlns:tds="http://www.onvif.org/ver10/device/wsdl" xmlns:tev="http://www.onvif.org/ver10/events/wsdl" xmlns:wsnt="http://docs.oasis-open.org/wsn/b-2" xmlns:timg="http://www.onvif.org/ver20/imaging/wsdl" xmlns:tls="http://www.onvif.org/ver10/display/wsdl" xmlns:tmd="http://www.onvif.org/ver10/deviceIO/wsdl" xmlns:tptz="http://www.onvif.org/ver20/ptz/wsdl" xmlns:trc="http://www.onvif.org/ver10/recording/wsdl" xmlns:trp="http://www.onvif.org/ver10/replay/wsdl" xmlns:trt="http://www.onvif.org/ver10/media/wsdl" xmlns:trv="http://www.onvif.org/ver10/receiver/wsdl" xmlns:tse="http://www.onvif.org/ver10/search/wsdl"><SOAP-ENV:Header><wsse:Security SOAP-ENV:mustUnderstand="true"><wsse:UsernameToken wsu:Id="Id"><wsse:Username>admin</wsse:Username><wsse:Password Type="http://docs.oasis-open.org/wss/2004/01/oasis-200401-wss-username-token-profile-1.0#PasswordDigest">jchPDaHq1g0hJBVbgk55JUZRR7A=</wsse:Password><wsse:Nonce>NDG9V/KD+gHhQk93US9UO6AEJro=</wsse:Nonce><wsu:Created>2016-08-24T05:31:32Z</wsu:Created></wsse:UsernameToken></wsse:Security></SOAP-ENV:Header><SOAP-ENV:Body><tptz:GetPresetTours><tptz:ProfileToken>MediaProfile000</tptz:ProfileToken></tptz:GetPresetTours></SOAP-ENV:Body></SOAP-ENV:Envelope>
POST /onvif/device_service HTTP/1.1
Host: 192.168.1.109
User-Agent: gSOAP/2.8
Content-Type: application/soap+xml; charset=utf-8; action="http://www.onvif.org/ver20/ptz/wsdl/GetPresets"
Content-Length: 2441
Connection: close
SOAPAction: "http://www.onvif.org/ver20/ptz/wsdl/GetPresets"

<?xml version="1.0" encoding="UTF-8"?>
<SOAP-ENV:Envelope xmlns:SOAP-ENV="http://www.w3.org/2003/05/soap-envelope" xmlns:SOAP-ENC="http://www.w3.org/2003/05/soap-encoding" xmlns:xsi="http://www.w3.org/2001/XMLSchema-instance" xmlns:xsd="http://www.w3.org/2001/XMLSchema" xmlns:c14n="http://www.w3.org/2001/10/xml-exc-c14n#" xmlns:wsu="http://docs.oasis-open.org/wss/2004/01/oasis-200401-wss-wssecurity-utility-1.0.xsd" xmlns:xenc="http://www.w3.org/2001/04/xmlenc#" xmlns:wsc="http://schemas.xmlsoap.org/ws/2005/02/sc" xmlns:ds="http://www.w3.org/2000/09/xmldsig#" xmlns:wsse="http://docs.oasis-open.org/wss/2004/01/oasis-200401-wss-wssecurity-secext-1.0.xsd" xmlns:wsa="http://schemas.xmlsoap.org/ws/2004/08/addressing" xmlns:wsdd="http://schemas.xmlsoap.org/ws/2005/04/discovery" xmlns:chan="http://schemas.microsoft.com/ws/2005/02/duplex" xmlns:wsa5="http://www.w3.org/2005/08/addressing" xmlns:xmime="http://tempuri.org/xmime.xsd" xmlns:xop="http://www.w3.org/2004/08/xop/include" xmlns:tt="http://www.onvif.org/ver10/schema" xmlns:wsrfbf="http://docs.oasis-open.org/wsrf/bf-2" xmlns:wstop="http://docs.oasis-open.org/wsn/t-1" xmlns:wsrfr="http://docs.oasis-open.org/wsrf/r-2" xmlns:tdn="http://www.onvif.org/ver10/network/wsdl" xmlns:tds="http://www.onvif.org/ver10/device/wsdl" xmlns:tev="http://www.onvif.org/ver10/events/wsdl" xmlns:wsnt="http://docs.oasis-open.org/wsn/b-2" xmlns:timg="http://www.onvif.org/ver20/imaging/wsdl" xmlns:tls="http://www.onvif.org/ver10/display/wsdl" xmlns:tmd="http://www.onvif.org/ver10/deviceIO/wsdl" xmlns:tptz="http://www.onvif.org/ver20/ptz/wsdl" xmlns:trc="http://www.onvif.org/ver10/recording/wsdl" xmlns:trp="http://www.onvif.org/ver10/replay/wsdl" xmlns:trt="http://www.onvif.org/ver10/media/wsdl" xmlns:trv="http://www.onvif.org/ver10/receiver/wsdl" xmlns:tse="http://www.onvif.org/ver10/search/wsdl"><SOAP-ENV:Header><wsse:Security SOAP-ENV:mustUnderstand="true"><wsse:UsernameToken wsu:Id="Id"><wsse:Username>admin</wsse:Username><wsse:Password Type="http://docs.oasis-open.org/wss/2004/01/oasis-200401-wss-username-token-profile-1.0#PasswordDigest">mBRhylFShWAqoaw/4KLkohxeamU=</wsse:Password><wsse:Nonce>NjG9V63C5JYrmbaCus+NZjGFGMQ=</wsse:Nonce><wsu:Created>2016-08-24T05:31:34Z</wsu:Created></wsse:UsernameToken></wsse:Security></SOAP-ENV:Header><SOAP-ENV:Body><tptz:GetPresets><tptz:ProfileToken>MediaProfile000</tptz:ProfileToken></tptz:GetPresets></SOAP-ENV:Body></SOAP-ENV:Envelope>
POST /onvif/device_service HTTP/1.1
Host: 192.168.1.109
User-Agent: gSOAP/2.8
Content-Type: application/soap+xml; charset=utf-8; action="http://www.onvif.org/ver10/device/wsdl/GetCapabilities"
Content-Length: 2427
Connection: close
SOAPAction: "http://www.onvif.org/ver10/device/wsdl/GetCapabilities"

<?xml version="1.0" encoding="UTF-8"?>
<SOAP-ENV:Envelope xmlns:SOAP-ENV="http://www.w3.org/2003/05/soap-envelope" xmlns:SOAP-ENC="http://www.w3.org/2003/05/soap-encoding" xmlns:xsi="http://www.w3.org/2001/XMLSchema-instance" xmlns:xsd="http://www.w3.org/2001/XMLSchema" xmlns:c14n="http://www.w3.org/2001/10/xml-exc-c14n#" xmlns:wsu="http://docs.oasis-open.org/wss/2004/01/oasis-200401-wss-wssecurity-utility-1.0.xsd" xmlns:xenc="http://www.w3.org/2001/04/xmlenc#" xmlns:wsc="http://schemas.xmlsoap.org/ws/2005/02/sc" xmlns:ds="http://www.w3.org/2000/09/xmldsig#" xmlns:wsse="http://docs.oasis-open.org/wss/2004/01/oasis-200401-wss-wssecurity-secext-1.0.xsd" xmlns:wsa="http://schemas.xmlsoap.org/ws/2004/08/addressing" xmlns:wsdd="http://schemas.xmlsoap.org/ws/2005/04/discovery" xmlns:chan="http://schemas.microsoft.com/ws/2005/02/duplex" xmlns:wsa5="http://www.w3.org/2005/08/addressing" xmlns:xmime="http://tempuri.org/xmime.xsd" xmlns:xop="http://www.w3.org/2004/08/xop/include" xmlns:tt="http://www.onvif.org/ver10/schema" xmlns:wsrfbf="http://docs.oasis-open.org/wsrf/bf-2" xmlns:wstop="http://docs.oasis-open.org/wsn/t-1" xmlns:wsrfr="http://docs.oasis-open.org/wsrf/r-2" xmlns:tdn="http://www.onvif.org/ver10/network/wsdl" xmlns:tds="http://www.onvif.org/ver10/device/wsdl" xmlns:tev="http://www.onvif.org/ver10/events/wsdl" xmlns:wsnt="http://docs.oasis-open.org/wsn/b-2" xmlns:timg="http://www.onvif.org/ver20/imaging/wsdl" xmlns:tls="http://www.onvif.org/ver10/display/wsdl" xmlns:tmd="http://www.onvif.org/ver10/deviceIO/wsdl" xmlns:tptz="http://www.onvif.org/ver20/ptz/wsdl" xmlns:trc="http://www.onvif.org/ver10/recording/wsdl" xmlns:trp="http://www.onvif.org/ver10/replay/wsdl" xmlns:trt="http://www.onvif.org/ver10/media/wsdl" xmlns:trv="http://www.onvif.org/ver10/receiver/wsdl" xmlns:tse="http://www.onvif.org/ver10/search/wsdl"><SOAP-ENV:Header><wsse:Security SOAP-ENV:mustUnderstand="true"><wsse:UsernameToken wsu:Id="Id"><wsse:Username>admin</wsse:Username><wsse:Password Type="http://docs.oasis-open.org/wss/2004/01/oasis-200401-wss-username-token-profile-1.0#PasswordDigest">hpLXazyKQteueODjzQqeoXIogYo=</wsse:Password><wsse:Nonce>PVi+V3KuOMFDsLJW8qWEZ1n8DDE=</wsse:Nonce><wsu:Created>2016-08-25T02:30:21Z</wsu:Created></wsse:UsernameToken></wsse:Security></SOAP-ENV:Header><SOAP-ENV:Body><tds:GetCapabilities><tds:Category>All</tds:Category></tds:GetCapabilities></SOAP-ENV:Body></SOAP-ENV:Envelope>
POST /onvif/media_service HTTP/1.1
Host: 192.168.1.109
User-Agent: gSOAP/2.8
Content-Type: application/soap+xml; charset=utf-8; action="http://www.onvif.org/ver10/media/wsdl/GetProfiles"
Content-Length: 2387
Connection: close
SOAPAction: "http://www.onvif.org/ver10/media/wsdl/GetProfiles"

<?xml version="1.0" encoding="UTF-8"?>
<SOAP-ENV:Envelope xmlns:SOAP-ENV="http://www.w3.org/2003/05/soap-envelope" xmlns:SOAP-ENC="http://www.w3.org/2003/05/soap-encoding" xmlns:xsi="http://www.w3.org/2001/XMLSchema-instance" xmlns:xsd="http://www.w3.org/2001/XMLSchema" xmlns:c14n="http://www.w3.org/2001/10/xml-exc-c14n#" xmlns:wsu="http://docs.oasis-open.org/wss/2004/01/oasis-200401-wss-wssecurity-utility-1.0.xsd" xmlns:xenc="http://www.w3.org/2001/04/xmlenc#" xmlns:wsc="http://schemas.xmlsoap.org/ws/2005/02/sc" xmlns:ds="http://www.w3.org/2000/09/xmldsig#" xmlns:wsse="http://docs.oasis-open.org/wss/2004/01/oasis-200401-wss-wssecurity-secext-1.0.xsd" xmlns:wsa="http://schemas.xmlsoap.org/ws/2004/08/addressing" xmlns:wsdd="http://schemas.xmlsoap.org/ws/2005/04/discovery" xmlns:chan="http://schemas.microsoft.com/ws/2005/02/duplex" xmlns:wsa5="http://www.w3.org/2005/08/addressing" xmlns:xmime="http://tempuri.org/xmime.xsd" xmlns:xop="http://www.w3.org/2004/08/xop/include" xmlns:tt="http://www.onvif.org/ver10/schema" xmlns:wsrfbf="http://docs.oasis-open.org/wsrf/bf-2" xmlns:wstop="http://docs.oasis-open.org/wsn/t-1" xmlns:wsrfr="http://docs.oasis-open.org/wsrf/r-2" xmlns:tdn="http://www.onvif.org/ver10/network/wsdl" xmlns:tds="http://www.onvif.org/ver10/device/wsdl" xmlns:tev="http://www.onvif.org/ver10/events/wsdl" xmlns:wsnt="http://docs.oasis-open.org/wsn/b-2" xmlns:timg="http://www.onvif.org/ver20/imaging/wsdl" xmlns:tls="http://www.onvif.org/ver10/display/wsdl" xmlns:tmd="http://www.onvif.org/ver10/deviceIO/wsdl" xmlns:tptz="http://www.onvif.org/ver20/ptz/wsdl" xmlns:trc="http://www.onvif.org/ver10/recording/wsdl" xmlns:trp="http://www.onvif.org/ver10/replay/wsdl" xmlns:trt="http://www.onvif.org/ver10/media/wsdl" xmlns:trv="http://www.onvif.org/ver10/receiver/wsdl" xmlns:tse="http://www.onvif.org/ver10/search/wsdl"><SOAP-ENV:Header><wsse:Security SOAP-ENV:mustUnderstand="true"><wsse:UsernameToken wsu:Id="Id"><wsse:Username>admin</wsse:Username><wsse:Password Type="http://docs.oasis-open.org/wss/2004/01/oasis-200401-wss-username-token-profile-1.0#PasswordDigest">8hX8pthV6xd6QIkb3GS3N7E27iM=</wsse:Password><wsse:Nonce>Pli+V9UwqXZc6s0kGOk7U8ZUwnI=</wsse:Nonce><wsu:Created>2016-08-25T02:30:22Z</wsu:Created></wsse:UsernameToken></wsse:Security></SOAP-ENV:Header><SOAP-ENV:Body><trt:GetProfiles></trt:GetProfiles></SOAP-ENV:Body></SOAP-ENV:Envelope>
POST /onvif/device_service HTTP/1.1
Host: 192.168.1.109
User-Agent: gSOAP/2.8
Content-Type: application/soap+xml; charset=utf-8; action="http://www.onvif.org/ver20/ptz/wsdl/GetPresetTours"
Content-Length: 2449
Connection: close
SOAPAction: "http://www.onvif.org/ver20/ptz/wsdl/GetPresetTours"

<?xml version="1.0" encoding="UTF-8"?>
<SOAP-ENV:Envelope xmlns:SOAP-ENV="http://www.w3.org/2003/05/soap-envelope" xmlns:SOAP-ENC="http://www.w3.org/2003/05/soap-encoding" xmlns:xsi="http://www.w3.org/2001/XMLSchema-instance" xmlns:xsd="http://www.w3.org/2001/XMLSchema" xmlns:c14n="http://www.w3.org/2001/10/xml-exc-c14n#" xmlns:wsu="http://docs.oasis-open.org/wss/2004/01/oasis-200401-wss-wssecurity-utility-1.0.xsd" xmlns:xenc="http://www.w3.org/2001/04/xmlenc#" xmlns:wsc="http://schemas.xmlsoap.org/ws/2005/02/sc" xmlns:ds="http://www.w3.org/2000/09/xmldsig#" xmlns:wsse="http://docs.oasis-open.org/wss/2004/01/oasis-200401-wss-wssecurity-secext-1.0.xsd" xmlns:wsa="http://schemas.xmlsoap.org/ws/2004/08/addressing" xmlns:wsdd="http://schemas.xmlsoap.org/ws/2005/04/discovery" xmlns:chan="http://schemas.microsoft.com/ws/2005/02/duplex" xmlns:wsa5="http://www.w3.org/2005/08/addressing" xmlns:xmime="http://tempuri.org/xmime.xsd" xmlns:xop="http://www.w3.org/2004/08/xop/include" xmlns:tt="http://www.onvif.org/ver10/schema" xmlns:wsrfbf="http://docs.oasis-open.org/wsrf/bf-2" xmlns:wstop="http://docs.oasis-open.org/wsn/t-1" xmlns:wsrfr="http://docs.oasis-open.org/wsrf/r-2" xmlns:tdn="http://www.onvif.org/ver10/network/wsdl" xmlns:tds="http://www.onvif.org/ver10/device/wsdl" xmlns:tev="http://www.onvif.org/ver10/events/wsdl" xmlns:wsnt="http://docs.oasis-open.org/wsn/b-2" xmlns:timg="http://www.onvif.org/ver20/imaging/wsdl" xmlns:tls="http://www.onvif.org/ver10/display/wsdl" xmlns:tmd="http://www.onvif.org/ver10/deviceIO/wsdl" xmlns:tptz="http://www.onvif.org/ver20/ptz/wsdl" xmlns:trc="http://www.onvif.org/ver10/recording/wsdl" xmlns:trp="http://www.onvif.org/ver10/replay/wsdl" xmlns:trt="http://www.onvif.org/ver10/media/wsdl" xmlns:trv="http://www.onvif.org/ver10/receiver/wsdl" xmlns:tse="http://www.onvif.org/ver10/search/wsdl"><SOAP-ENV:Header><wsse:Security SOAP-ENV:mustUnderstand="true"><wsse:UsernameToken wsu:Id="Id"><wsse:Username>admin</wsse:Username><wsse:Password Type="http://docs.oasis-open.org/wss/2004/01/oasis-200401-wss-username-token-profile-1.0#PasswordDigest">LBTZEXG983Rju+LdzvZRc9fmh8k=</wsse:Password><wsse:Nonce>R1i+V2yrCDDiSaKbTTk/pw6PJeQ=</wsse:Nonce><wsu:Created>2016-08-25T02:30:31Z</wsu:Created></wsse:UsernameToken></wsse:Security></SOAP-ENV:Header><SOAP-ENV:Body><tptz:GetPresetTours><tptz:ProfileToken>MediaProfile000</tptz:ProfileToken></tptz:GetPresetTours></SOAP-ENV:Body></SOAP-ENV:Envelope>
POST /onvif/device_service HTTP/1.1
Host: 192.168.1.109
User-Agent: gSOAP/2.8
Content-Type: application/soap+xml; charset=utf-8; action="http://www.onvif.org/ver20/ptz/wsdl/GetPresets"
Content-Length: 2441
Connection: close
SOAPAction: "http://www.onvif.org/ver20/ptz/wsdl/GetPresets"

<?xml version="1.0" encoding="UTF-8"?>
<SOAP-ENV:Envelope xmlns:SOAP-ENV="http://www.w3.org/2003/05/soap-envelope" xmlns:SOAP-ENC="http://www.w3.org/2003/05/soap-encoding" xmlns:xsi="http://www.w3.org/2001/XMLSchema-instance" xmlns:xsd="http://www.w3.org/2001/XMLSchema" xmlns:c14n="http://www.w3.org/2001/10/xml-exc-c14n#" xmlns:wsu="http://docs.oasis-open.org/wss/2004/01/oasis-200401-wss-wssecurity-utility-1.0.xsd" xmlns:xenc="http://www.w3.org/2001/04/xmlenc#" xmlns:wsc="http://schemas.xmlsoap.org/ws/2005/02/sc" xmlns:ds="http://www.w3.org/2000/09/xmldsig#" xmlns:wsse="http://docs.oasis-open.org/wss/2004/01/oasis-200401-wss-wssecurity-secext-1.0.xsd" xmlns:wsa="http://schemas.xmlsoap.org/ws/2004/08/addressing" xmlns:wsdd="http://schemas.xmlsoap.org/ws/2005/04/discovery" xmlns:chan="http://schemas.microsoft.com/ws/2005/02/duplex" xmlns:wsa5="http://www.w3.org/2005/08/addressing" xmlns:xmime="http://tempuri.org/xmime.xsd" xmlns:xop="http://www.w3.org/2004/08/xop/include" xmlns:tt="http://www.onvif.org/ver10/schema" xmlns:wsrfbf="http://docs.oasis-open.org/wsrf/bf-2" xmlns:wstop="http://docs.oasis-open.org/wsn/t-1" xmlns:wsrfr="http://docs.oasis-open.org/wsrf/r-2" xmlns:tdn="http://www.onvif.org/ver10/network/wsdl" xmlns:tds="http://www.onvif.org/ver10/device/wsdl" xmlns:tev="http://www.onvif.org/ver10/events/wsdl" xmlns:wsnt="http://docs.oasis-open.org/wsn/b-2" xmlns:timg="http://www.onvif.org/ver20/imaging/wsdl" xmlns:tls="http://www.onvif.org/ver10/display/wsdl" xmlns:tmd="http://www.onvif.org/ver10/deviceIO/wsdl" xmlns:tptz="http://www.onvif.org/ver20/ptz/wsdl" xmlns:trc="http://www.onvif.org/ver10/recording/wsdl" xmlns:trp="http://www.onvif.org/ver10/replay/wsdl" xmlns:trt="http://www.onvif.org/ver10/media/wsdl" xmlns:trv="http://www.onvif.org/ver10/receiver/wsdl" xmlns:tse="http://www.onvif.org/ver10/search/wsdl"><SOAP-ENV:Header><wsse:Security SOAP-ENV:mustUnderstand="true"><wsse:UsernameToken wsu:Id="Id"><wsse:Username>admin</wsse:Username><wsse:Password Type="http://docs.oasis-open.org/wss/2004/01/oasis-200401-wss-username-token-profile-1.0#PasswordDigest">eMNBsjWE92lYSCBMmsl5u6fM91w=</wsse:Password><wsse:Nonce>Sli+V3DUJS2aNfltixbaNK6Onds=</wsse:Nonce><wsu:Created>2016-08-25T02:30:34Z</wsu:Created></wsse:UsernameToken></wsse:Security></SOAP-ENV:Header><SOAP-ENV:Body><tptz:GetPresets><tptz:ProfileToken>MediaProfile000</tptz:ProfileToken></tptz:GetPresets></SOAP-ENV:Body></SOAP-ENV:Envelope>
POST /onvif/device_service HTTP/1.1
Host: 192.168.1.109
User-Agent: gSOAP/2.8
Content-Type: application/soap+xml; charset=utf-8; action="http://www.onvif.org/ver20/ptz/wsdl/ModifyPresetTour"
Content-Length: 3499
Connection: close
SOAPAction: "http://www.onvif.org/ver20/ptz/wsdl/ModifyPresetTour"

<?xml version="1.0" encoding="UTF-8"?>
<SOAP-ENV:Envelope xmlns:SOAP-ENV="http://www.w3.org/2003/05/soap-envelope" xmlns:SOAP-ENC="http://www.w3.org/2003/05/soap-encoding" xmlns:xsi="http://www.w3.org/2001/XMLSchema-instance" xmlns:xsd="http://www.w3.org/2001/XMLSchema" xmlns:c14n="http://www.w3.org/2001/10/xml-exc-c14n#" xmlns:wsu="http://docs.oasis-open.org/wss/2004/01/oasis-200401-wss-wssecurity-utility-1.0.xsd" xmlns:xenc="http://www.w3.org/2001/04/xmlenc#" xmlns:wsc="http://schemas.xmlsoap.org/ws/2005/02/sc" xmlns:ds="http://www.w3.org/2000/09/xmldsig#" xmlns:wsse="http://docs.oasis-open.org/wss/2004/01/oasis-200401-wss-wssecurity-secext-1.0.xsd" xmlns:wsa="http://schemas.xmlsoap.org/ws/2004/08/addressing" xmlns:wsdd="http://schemas.xmlsoap.org/ws/2005/04/discovery" xmlns:chan="http://schemas.microsoft.com/ws/2005/02/duplex" xmlns:wsa5="http://www.w3.org/2005/08/addressing" xmlns:xmime="http://tempuri.org/xmime.xsd" xmlns:xop="http://www.w3.org/2004/08/xop/include" xmlns:tt="http://www.onvif.org/ver10/schema" xmlns:wsrfbf="http://docs.oasis-open.org/wsrf/bf-2" xmlns:wstop="http://docs.oasis-open.org/wsn/t-1" xmlns:wsrfr="http://docs.oasis-open.org/wsrf/r-2" xmlns:tdn="http://www.onvif.org/ver10/network/wsdl" xmlns:tds="http://www.onvif.org/ver10/device/wsdl" xmlns:tev="http://www.onvif.org/ver10/events/wsdl" xmlns:wsnt="http://docs.oasis-open.org/wsn/b-2" xmlns:timg="http://www.onvif.org/ver20/imaging/wsdl" xmlns:tls="http://www.onvif.org/ver10/display/wsdl" xmlns:tmd="http://www.onvif.org/ver10/deviceIO/wsdl" xmlns:tptz="http://www.onvif.org/ver20/ptz/wsdl" xmlns:trc="http://www.onvif.org/ver10/recording/wsdl" xmlns:trp="http://www.onvif.org/ver10/replay/wsdl" xmlns:trt="http://www.onvif.org/ver10/media/wsdl" xmlns:trv="http://www.onvif.org/ver10/receiver/wsdl" xmlns:tse="http://www.onvif.org/ver10/search/wsdl"><SOAP-ENV:Header><wsse:Security SOAP-ENV:mustUnderstand="true"><wsse:UsernameToken wsu:Id="Id"><wsse:Username>admin</wsse:Username><wsse:Password Type="http://docs.oasis-open.org/wss/2004/01/oasis-200401-wss-username-token-profile-1.0#PasswordDigest">y0VnNQV1zvcy34FNiPmuitf1HdM=</wsse:Password><wsse:Nonce>TFi+V9jinfTJlAEYNqbC3PEzSXk=</wsse:Nonce><wsu:Created>2016-08-25T02:30:36Z</wsu:Created></wsse:UsernameToken></wsse:Security></SOAP-ENV:Header><SOAP-ENV:Body><tptz:ModifyPresetTour><tptz:ProfileToken>MediaProfile000</tptz:ProfileToken><tptz:PresetTour xsi:type="tt:PresetTour" token="0"><tt:Name>Tour 1</tt:Name><tt:Status xsi:type="tt:PTZPresetTourStatus"><tt:State>Idle</tt:State></tt:Status><tt:AutoStart>false</tt:AutoStart><tt:StartingCondition/><tt:TourSpot xsi:type="tt:PTZPresetTourSpot"><tt:PresetDetail xsi:type="tt:PTZPresetTourPresetDetail"><tt:PresetToken>1</tt:PresetToken></tt:PresetDetail><tt:StayTime>PT0H0M5S</tt:StayTime></tt:TourSpot><tt:TourSpot xsi:type="tt:PTZPresetTourSpot"><tt:PresetDetail xsi:type="tt:PTZPresetTourPresetDetail"><tt:PresetToken>2</tt:PresetToken></tt:PresetDetail><tt:StayTime>PT0H0M5S</tt:StayTime></tt:TourSpot><tt:TourSpot xsi:type="tt:PTZPresetTourSpot"><tt:PresetDetail xsi:type="tt:PTZPresetTourPresetDetail"><tt:PresetToken>3</tt:PresetToken></tt:PresetDetail><tt:StayTime>PT0H0M5S</tt:StayTime></tt:TourSpot><tt:TourSpot xsi:type="tt:PTZPresetTourSpot"><tt:PresetDetail xsi:type="tt:PTZPresetTourPresetDetail"><tt:PresetToken>4</tt:PresetToken></tt:PresetDetail><tt:StayTime>PT0H0M5S</tt:StayTime></tt:TourSpot></tptz:PresetTour></tptz:ModifyPresetTour></SOAP-ENV:Body></SOAP-ENV:Envelope>
POST /onvif/device_service HTTP/1.1
Host: 192.168.1.109
User-Agent: gSOAP/2.8
Content-Type: application/soap+xml; charset=utf-8; action="http://www.onvif.org/ver20/ptz/wsdl/OperatePresetTour"
Content-Length: 2538
Connection: close
SOAPAction: "http://www.onvif.org/ver20/ptz/wsdl/OperatePresetTour"

<?xml version="1.0" encoding="UTF-8"?>
<SOAP-ENV:Envelope xmlns:SOAP-ENV="http://www.w3.org/2003/05/soap-envelope" xmlns:SOAP-ENC="http://www.w3.org/2003/05/soap-encoding" xmlns:xsi="http://www.w3.org/2001/XMLSchema-instance" xmlns:xsd="http://www.w3.org/2001/XMLSchema" xmlns:c14n="http://www.w3.org/2001/10/xml-exc-c14n#" xmlns:wsu="http://docs.oasis-open.org/wss/2004/01/oasis-200401-wss-wssecurity-utility-1.0.xsd" xmlns:xenc="http://www.w3.org/2001/04/xmlenc#" xmlns:wsc="http://schemas.xmlsoap.org/ws/2005/02/sc" xmlns:ds="http://www.w3.org/2000/09/xmldsig#" xmlns:wsse="http://docs.oasis-open.org/wss/2004/01/oasis-200401-wss-wssecurity-secext-1.0.xsd" xmlns:wsa="http://schemas.xmlsoap.org/ws/2004/08/addressing" xmlns:wsdd="http://schemas.xmlsoap.org/ws/2005/04/discovery" xmlns:chan="http://schemas.microsoft.com/ws/2005/02/duplex" xmlns:wsa5="http://www.w3.org/2005/08/addressing" xmlns:xmime="http://tempuri.org/xmime.xsd" xmlns:xop="http://www.w3.org/2004/08/xop/include" xmlns:tt="http://www.onvif.org/ver10/schema" xmlns:wsrfbf="http://docs.oasis-open.org/wsrf/bf-2" xmlns:wstop="http://docs.oasis-open.org/wsn/t-1" xmlns:wsrfr="http://docs.oasis-open.org/wsrf/r-2" xmlns:tdn="http://www.onvif.org/ver10/network/wsdl" xmlns:tds="http://www.onvif.org/ver10/device/wsdl" xmlns:tev="http://www.onvif.org/ver10/events/wsdl" xmlns:wsnt="http://docs.oasis-open.org/wsn/b-2" xmlns:timg="http://www.onvif.org/ver20/imaging/wsdl" xmlns:tls="http://www.onvif.org/ver10/display/wsdl" xmlns:tmd="http://www.onvif.org/ver10/deviceIO/wsdl" xmlns:tptz="http://www.onvif.org/ver20/ptz/wsdl" xmlns:trc="http://www.onvif.org/ver10/recording/wsdl" xmlns:trp="http://www.onvif.org/ver10/replay/wsdl" xmlns:trt="http://www.onvif.org/ver10/media/wsdl" xmlns:trv="http://www.onvif.org/ver10/receiver/wsdl" xmlns:tse="http://www.onvif.org/ver10/search/wsdl"><SOAP-ENV:Header><wsse:Security SOAP-ENV:mustUnderstand="true"><wsse:UsernameToken wsu:Id="Id"><wsse:Username>admin</wsse:Username><wsse:Password Type="http://docs.oasis-open.org/wss/2004/01/oasis-200401-wss-username-token-profile-1.0#PasswordDigest">q4y3Ewz/UPKAYUAGgflIiGCfvsU=</wsse:Password><wsse:Nonce>T1i+V6ckhX5b455eBNIBiUQvhVA=</wsse:Nonce><wsu:Created>2016-08-25T02:30:39Z</wsu:Created></wsse:UsernameToken></wsse:Security></SOAP-ENV:Header><SOAP-ENV:Body><tptz:OperatePresetTour><tptz:ProfileToken>MediaProfile000</tptz:ProfileToken><tptz:PresetTourToken>0</tptz:PresetTourToken><tptz:Operation>Stop</tptz:Operation></tptz:OperatePresetTour></SOAP-ENV:Body></SOAP-ENV:Envelope>
